BPP_500_300_0.2_0.8_3.txt
BPP_1000_120_0.1_0.8_5.txt
1002_80000_NR_40.txt
BPP_1000_750_0.2_0.8_0.txt
csBB500_16.txt
csBA125_10.txt
BPP_1000_500_0.1_0.8_9.txt
BPP_400_120_0.2_0.8_9.txt
BPP_500_150_0.2_0.7_4.txt
BPP_750_400_0.1_0.7_9.txt
BPP_100_125_0.1_0.7_0.txt
BPP_200_150_0.1_0.8_5.txt
BPP_400_500_0.1_0.7_3.txt
801_40000_NR_17.txt
BPP_500_750_0.1_0.8_3.txt
BPP_750_120_0.2_0.7_1.txt
BPP_300_50_0.2_0.7_3.txt
BPP_1000_100_0.1_0.7_9.txt
BPP_500_120_0.1_0.8_6.txt
BPP_100_100_0.2_0.7_7.txt
BPP_50_50_0.1_0.7_4.txt
BPP_750_750_0.2_0.7_9.txt
BPP_300_100_0.2_0.7_7.txt
BPP_1000_75_0.1_0.8_0.txt
BPP_50_200_0.1_0.7_9.txt
BPP_50_1000_0.2_0.8_6.txt
BPP_750_120_0.1_0.7_8.txt
csAA500_14.txt
BPP_50_1000_0.1_0.8_7.txt
BPP_500_75_0.2_0.7_3.txt
BPP_100_50_0.1_0.7_8.txt
BPP_750_200_0.1_0.8_7.txt
BPP_750_120_0.2_0.8_6.txt
BPP_300_400_0.2_0.7_6.txt
BPP_500_125_0.2_0.7_4.txt
BPP_1000_150_0.2_0.8_8.txt
600_20000_NR_15.txt
BPP_1000_75_0.1_0.8_9.txt
BPP_200_750_0.2_0.8_6.txt
BPP_750_120_0.1_0.7_7.txt
BPP_300_100_0.2_0.7_9.txt
BPP_500_50_0.2_0.7_8.txt
BPP_100_750_0.1_0.7_7.txt
BPP_750_400_0.2_0.7_1.txt
BPP_50_200_0.1_0.8_1.txt
BPP_50_75_0.1_0.8_1.txt
BPP_400_120_0.1_0.7_3.txt
BPP_400_300_0.1_0.7_4.txt
402_10000_NR_26.txt
BPP_750_200_0.2_0.8_8.txt
BPP_500_500_0.2_0.8_4.txt
BPP_200_200_0.2_0.8_8.txt
BPP_300_50_0.1_0.7_3.txt
BPP_1000_750_0.2_0.7_2.txt
402_10000_NR_5.txt
BPP_500_150_0.1_0.7_2.txt
201_2500_NR_7.txt
csAA500_19.txt
BPP_1000_750_0.2_0.8_5.txt
BPP_500_125_0.2_0.8_2.txt
BPP_200_125_0.2_0.8_3.txt
BPP_300_75_0.2_0.8_2.txt
BPP_750_75_0.2_0.8_4.txt
BPP_300_100_0.2_0.8_4.txt
BPP_400_200_0.2_0.8_0.txt
BPP_100_75_0.1_0.7_6.txt
csAA250_5.txt
BPP_300_400_0.2_0.7_9.txt
csBB125_11.txt
csAB125_10.txt
BPP_400_400_0.2_0.7_0.txt
600_20000_NR_36.txt
BPP_400_125_0.1_0.7_0.txt
BPP_750_75_0.1_0.8_1.txt
402_10000_NR_39.txt
csAB250_17.txt
BPP_750_500_0.1_0.7_9.txt
BPP_200_200_0.2_0.8_6.txt
BPP_200_50_0.1_0.8_1.txt
BPP_300_200_0.2_0.7_3.txt
BPP_200_150_0.1_0.7_5.txt
BPP_500_200_0.1_0.7_0.txt
BPP_400_750_0.1_0.7_6.txt
1002_80000_DI_18.txt
201_2500_DI_28.txt
600_20000_NR_45.txt
BPP_500_1000_0.1_0.7_9.txt
BPP_100_125_0.2_0.7_1.txt
BPP_400_100_0.1_0.7_0.txt
BPP_1000_400_0.1_0.7_4.txt
BPP_1000_150_0.2_0.8_4.txt
BPP_300_100_0.2_0.8_5.txt
402_10000_NR_40.txt
csAB500_3.txt
BPP_750_1000_0.2_0.7_3.txt
BPP_1000_200_0.2_0.8_0.txt
csAB250_7.txt
csBB125_16.txt
csAA125_12.txt
600_20000_NR_34.txt
BPP_500_750_0.1_0.8_5.txt
BPP_300_500_0.1_0.8_3.txt
BPP_750_300_0.2_0.7_7.txt
BPP_750_200_0.1_0.8_1.txt
BPP_200_125_0.1_0.7_0.txt
BPP_100_400_0.1_0.8_1.txt
BPP_50_100_0.1_0.8_8.txt
BPP_400_1000_0.1_0.8_4.txt
BPP_50_200_0.1_0.8_2.txt
BPP_100_150_0.1_0.8_2.txt
600_20000_NR_18.txt
BPP_750_750_0.2_0.7_7.txt
201_2500_NR_16.txt
BPP_400_400_0.2_0.7_8.txt
BPP_1000_300_0.1_0.8_9.txt
BPP_300_75_0.2_0.7_6.txt
BPP_100_75_0.1_0.7_3.txt
BPP_750_75_0.1_0.8_9.txt
BPP_50_125_0.2_0.7_6.txt
BPP_500_120_0.1_0.7_5.txt
BPP_500_300_0.1_0.8_8.txt
BPP_500_500_0.1_0.8_3.txt
csBB500_13.txt
402_10000_NR_9.txt
BPP_750_300_0.1_0.7_3.txt
csAB125_2.txt
1002_80000_DI_9.txt
BPP_750_750_0.2_0.7_2.txt
csBA250_6.txt
BPP_500_300_0.2_0.7_8.txt
BPP_400_120_0.2_0.7_6.txt
BPP_1000_120_0.1_0.7_9.txt
BPP_750_150_0.1_0.8_8.txt
BPP_100_50_0.1_0.7_6.txt
BPP_50_100_0.2_0.8_7.txt
BPP_100_150_0.1_0.8_7.txt
BPP_400_400_0.1_0.8_5.txt
BPP_400_50_0.1_0.7_1.txt
BPP_750_125_0.1_0.7_2.txt
BPP_100_120_0.1_0.8_7.txt
BPP_200_120_0.1_0.8_2.txt
BPP_50_200_0.2_0.7_3.txt
BPP_300_400_0.1_0.8_5.txt
BPP_400_75_0.1_0.8_7.txt
BPP_1000_150_0.1_0.7_9.txt
BPP_500_100_0.1_0.7_2.txt
BPP_100_50_0.2_0.7_7.txt
BPP_50_150_0.1_0.7_1.txt
BPP_400_120_0.1_0.8_5.txt
BPP_200_125_0.1_0.7_4.txt
BPP_300_120_0.1_0.7_3.txt
BPP_400_125_0.1_0.8_0.txt
BPP_200_400_0.1_0.8_4.txt
BPP_400_300_0.2_0.8_5.txt
BPP_1000_100_0.2_0.8_5.txt
BPP_400_125_0.2_0.7_0.txt
BPP_50_120_0.2_0.7_6.txt
BPP_500_125_0.1_0.8_5.txt
BPP_1000_75_0.1_0.8_5.txt
BPP_200_120_0.1_0.8_3.txt
BPP_100_200_0.2_0.8_3.txt
BPP_1000_1000_0.2_0.8_4.txt
BPP_400_100_0.2_0.8_4.txt
BPP_1000_100_0.1_0.7_4.txt
BPP_500_500_0.2_0.8_6.txt
BPP_50_500_0.1_0.7_1.txt
BPP_100_1000_0.2_0.8_1.txt
BPP_750_50_0.1_0.8_0.txt
BPP_100_120_0.2_0.8_1.txt
BPP_100_500_0.1_0.7_3.txt
BPP_50_50_0.1_0.8_4.txt
BPP_500_125_0.1_0.8_3.txt
BPP_300_50_0.1_0.7_4.txt
BPP_200_150_0.1_0.7_2.txt
801_40000_DI_27.txt
BPP_1000_500_0.1_0.7_3.txt
csBA500_9.txt
BPP_400_125_0.1_0.8_9.txt
BPP_500_200_0.2_0.7_3.txt
BPP_200_120_0.2_0.8_8.txt
csAB125_8.txt
BPP_750_120_0.1_0.8_6.txt
BPP_750_75_0.1_0.7_6.txt
csAB125_4.txt
402_10000_DI_42.txt
BPP_400_500_0.1_0.8_1.txt
BPP_100_75_0.1_0.8_9.txt
BPP_200_150_0.2_0.8_4.txt
csAA250_18.txt
csBB125_8.txt
1002_80000_NR_9.txt
csBA125_9.txt
csBA125_7.txt
BPP_750_1000_0.1_0.7_0.txt
BPP_750_125_0.1_0.8_0.txt
BPP_300_120_0.1_0.8_3.txt
BPP_1000_200_0.1_0.7_9.txt
BPP_100_750_0.2_0.8_9.txt
BPP_100_120_0.1_0.8_6.txt
BPP_400_120_0.1_0.8_6.txt
BPP_300_150_0.1_0.8_3.txt
BPP_200_500_0.2_0.8_6.txt
BPP_300_500_0.1_0.7_6.txt
BPP_1000_125_0.1_0.8_5.txt
BPP_100_750_0.1_0.8_7.txt
BPP_100_125_0.1_0.8_1.txt
BPP_100_750_0.1_0.7_0.txt
BPP_100_750_0.1_0.8_9.txt
BPP_750_400_0.2_0.8_7.txt
BPP_1000_120_0.2_0.8_8.txt
BPP_750_100_0.1_0.8_9.txt
BPP_100_150_0.1_0.8_4.txt
BPP_750_200_0.1_0.7_6.txt
BPP_200_1000_0.1_0.8_4.txt
BPP_300_120_0.1_0.7_9.txt
BPP_200_750_0.1_0.7_5.txt
BPP_50_75_0.2_0.7_0.txt
BPP_50_300_0.2_0.7_5.txt
BPP_100_500_0.2_0.8_5.txt
BPP_300_50_0.1_0.7_5.txt
BPP_100_150_0.2_0.7_2.txt
BPP_200_750_0.2_0.7_8.txt
BPP_300_100_0.2_0.8_2.txt
BPP_750_150_0.2_0.7_2.txt
BPP_100_125_0.2_0.7_4.txt
BPP_200_1000_0.2_0.7_4.txt
BPP_50_200_0.1_0.8_0.txt
BPP_1000_125_0.2_0.7_6.txt
801_40000_NR_0.txt
BPP_200_400_0.1_0.8_0.txt
BPP_1000_200_0.1_0.7_8.txt
BPP_1000_200_0.1_0.7_1.txt
BPP_500_75_0.2_0.8_5.txt
BPP_300_150_0.2_0.7_5.txt
BPP_300_150_0.2_0.8_4.txt
BPP_100_75_0.1_0.7_9.txt
BPP_500_120_0.1_0.8_7.txt
BPP_100_200_0.1_0.8_5.txt
BPP_50_500_0.2_0.7_9.txt
csAB500_15.txt
BPP_500_500_0.2_0.7_4.txt
BPP_100_50_0.1_0.8_3.txt
BPP_750_150_0.1_0.7_9.txt
BPP_200_500_0.2_0.8_4.txt
BPP_750_400_0.1_0.7_4.txt
BPP_300_75_0.1_0.7_2.txt
BPP_200_50_0.1_0.7_3.txt
600_20000_NR_19.txt
1002_80000_DI_42.txt
BPP_750_1000_0.1_0.8_2.txt
BPP_750_500_0.2_0.7_8.txt
402_10000_DI_28.txt
BPP_750_400_0.2_0.8_1.txt
BPP_100_500_0.2_0.8_7.txt
BPP_400_120_0.1_0.7_0.txt
BPP_50_400_0.2_0.8_9.txt
BPP_1000_50_0.1_0.7_0.txt
csAB500_5.txt
BPP_300_400_0.1_0.7_0.txt
BPP_50_150_0.2_0.7_5.txt
BPP_1000_500_0.2_0.7_9.txt
402_10000_DI_35.txt
BPP_500_500_0.2_0.7_8.txt
BPP_100_75_0.1_0.7_1.txt
BPP_750_750_0.1_0.7_7.txt
BPP_50_750_0.2_0.7_4.txt
BPP_100_1000_0.1_0.7_6.txt
BPP_300_100_0.1_0.8_0.txt
BPP_1000_50_0.1_0.7_3.txt
BPP_400_50_0.1_0.8_8.txt
BPP_100_50_0.2_0.7_0.txt
BPP_1000_125_0.1_0.7_3.txt
csBA500_2.txt
BPP_500_1000_0.1_0.7_3.txt
BPP_750_100_0.2_0.8_1.txt
BPP_1000_150_0.2_0.8_0.txt
BPP_500_125_0.2_0.7_1.txt
BPP_100_400_0.1_0.7_3.txt
BPP_300_150_0.2_0.7_9.txt
BPP_50_1000_0.1_0.7_4.txt
BPP_500_300_0.2_0.7_4.txt
BPP_400_120_0.2_0.7_2.txt
1002_80000_NR_21.txt
801_40000_DI_3.txt
402_10000_NR_24.txt
BPP_1000_1000_0.1_0.7_9.txt
BPP_100_120_0.1_0.7_5.txt
BPP_50_1000_0.2_0.7_1.txt
BPP_500_125_0.2_0.8_6.txt
BPP_750_400_0.1_0.8_7.txt
csAB500_6.txt
BPP_300_300_0.1_0.7_1.txt
BPP_750_125_0.1_0.8_8.txt
BPP_200_200_0.2_0.8_0.txt
BPP_750_120_0.2_0.7_8.txt
BPP_1000_125_0.2_0.8_4.txt
csBA250_1.txt
csAB125_13.txt
csAA125_19.txt
csAB125_5.txt
BPP_750_1000_0.2_0.8_8.txt
csAA250_17.txt
BPP_500_1000_0.1_0.8_5.txt
BPP_400_125_0.1_0.7_3.txt
BPP_400_75_0.1_0.8_4.txt
BPP_50_1000_0.2_0.7_2.txt
BPP_500_750_0.2_0.8_0.txt
BPP_50_75_0.1_0.8_0.txt
BPP_500_125_0.2_0.8_8.txt
BPP_100_1000_0.1_0.7_5.txt
BPP_1000_75_0.1_0.7_7.txt
BPP_500_125_0.2_0.7_9.txt
BPP_500_100_0.2_0.7_4.txt
BPP_400_100_0.1_0.8_4.txt
BPP_300_200_0.1_0.7_1.txt
BPP_750_400_0.2_0.8_2.txt
BPP_300_750_0.1_0.8_0.txt
BPP_100_200_0.1_0.7_2.txt
BPP_300_150_0.1_0.7_0.txt
BPP_200_120_0.1_0.7_8.txt
BPP_1000_1000_0.2_0.8_8.txt
csAA500_17.txt
BPP_100_300_0.2_0.8_9.txt
BPP_50_300_0.1_0.8_7.txt
BPP_50_100_0.2_0.7_2.txt
BPP_400_50_0.2_0.8_1.txt
BPP_50_500_0.1_0.7_8.txt
BPP_100_400_0.2_0.7_8.txt
BPP_1000_75_0.2_0.7_0.txt
BPP_50_1000_0.2_0.8_2.txt
1002_80000_NR_30.txt
BPP_400_1000_0.1_0.8_6.txt
BPP_100_50_0.2_0.8_0.txt
BPP_400_50_0.2_0.7_6.txt
BPP_100_750_0.1_0.8_5.txt
csAA250_6.txt
BPP_200_1000_0.2_0.8_3.txt
csBA125_1.txt
BPP_500_300_0.1_0.8_6.txt
BPP_100_750_0.2_0.7_2.txt
BPP_750_125_0.2_0.7_4.txt
BPP_200_125_0.1_0.8_4.txt
BPP_200_500_0.1_0.8_5.txt
BPP_200_125_0.2_0.8_0.txt
BPP_50_300_0.1_0.8_9.txt
1002_80000_DI_27.txt
csBB250_7.txt
BPP_1000_750_0.2_0.7_0.txt
BPP_300_120_0.1_0.8_5.txt
BPP_500_125_0.2_0.8_3.txt
BPP_750_100_0.2_0.8_9.txt
BPP_500_100_0.2_0.8_1.txt
BPP_100_150_0.1_0.7_9.txt
BPP_1000_150_0.2_0.8_7.txt
BPP_50_1000_0.1_0.8_8.txt
BPP_100_150_0.1_0.7_3.txt
402_10000_DI_37.txt
BPP_750_200_0.1_0.8_2.txt
BPP_400_400_0.1_0.8_9.txt
BPP_1000_150_0.2_0.7_4.txt
BPP_500_750_0.2_0.7_7.txt
BPP_750_500_0.2_0.7_0.txt
BPP_100_120_0.2_0.7_1.txt
BPP_500_75_0.1_0.7_1.txt
BPP_400_150_0.1_0.7_4.txt
BPP_50_300_0.2_0.7_0.txt
BPP_50_500_0.1_0.7_7.txt
BPP_200_400_0.1_0.7_6.txt
csBB500_9.txt
csAA125_7.txt
1002_80000_NR_32.txt
BPP_1000_1000_0.1_0.7_6.txt
BPP_300_75_0.2_0.8_6.txt
BPP_400_1000_0.1_0.8_5.txt
BPP_200_400_0.2_0.7_2.txt
BPP_200_1000_0.1_0.8_1.txt
BPP_50_1000_0.1_0.7_8.txt
BPP_300_120_0.1_0.8_4.txt
BPP_500_50_0.2_0.8_6.txt
csBA500_5.txt
BPP_750_1000_0.2_0.8_7.txt
BPP_1000_50_0.1_0.7_1.txt
BPP_50_75_0.1_0.8_6.txt
BPP_400_150_0.2_0.8_7.txt
BPP_200_150_0.1_0.8_6.txt
BPP_50_50_0.1_0.8_6.txt
BPP_500_125_0.2_0.8_5.txt
BPP_100_500_0.1_0.8_7.txt
BPP_500_500_0.2_0.8_7.txt
BPP_1000_150_0.1_0.7_7.txt
BPP_1000_120_0.1_0.7_3.txt
1002_80000_DI_26.txt
201_2500_DI_0.txt
BPP_400_500_0.1_0.7_1.txt
BPP_1000_100_0.1_0.8_1.txt
BPP_100_150_0.2_0.7_6.txt
BPP_300_1000_0.1_0.8_9.txt
801_40000_NR_13.txt
BPP_500_400_0.1_0.8_5.txt
BPP_50_50_0.2_0.8_2.txt
BPP_1000_200_0.1_0.7_7.txt
BPP_100_750_0.1_0.7_8.txt
BPP_100_75_0.1_0.8_5.txt
BPP_300_750_0.1_0.7_8.txt
BPP_200_120_0.2_0.7_0.txt
BPP_1000_120_0.1_0.7_2.txt
600_20000_DI_27.txt
csAA500_12.txt
201_2500_DI_37.txt
BPP_750_500_0.1_0.7_5.txt
BPP_200_400_0.1_0.7_7.txt
csAA250_2.txt
BPP_500_300_0.1_0.7_6.txt
BPP_200_1000_0.2_0.8_4.txt
BPP_1000_50_0.1_0.8_4.txt
csBB125_10.txt
BPP_500_120_0.1_0.8_8.txt
BPP_100_300_0.2_0.8_8.txt
BPP_500_75_0.1_0.8_7.txt
csAB125_7.txt
BPP_200_300_0.2_0.8_7.txt
BPP_500_75_0.2_0.8_7.txt
BPP_300_400_0.2_0.7_0.txt
BPP_200_50_0.2_0.8_1.txt
BPP_500_125_0.2_0.8_1.txt
BPP_750_125_0.2_0.7_5.txt
BPP_1000_50_0.1_0.7_8.txt
BPP_300_150_0.1_0.7_4.txt
csBA250_18.txt
BPP_300_500_0.1_0.8_2.txt
BPP_200_200_0.1_0.7_9.txt
BPP_1000_120_0.1_0.8_8.txt
BPP_50_200_0.2_0.8_6.txt
BPP_500_100_0.2_0.7_0.txt
BPP_400_50_0.1_0.8_5.txt
600_20000_DI_45.txt
BPP_400_500_0.2_0.7_0.txt
801_40000_NR_15.txt
BPP_750_300_0.1_0.7_4.txt
BPP_1000_125_0.2_0.7_1.txt
BPP_100_500_0.2_0.8_1.txt
BPP_750_120_0.2_0.7_2.txt
BPP_750_500_0.1_0.8_7.txt
BPP_1000_125_0.2_0.7_8.txt
BPP_750_750_0.1_0.7_8.txt
BPP_750_300_0.1_0.8_5.txt
BPP_100_500_0.2_0.7_6.txt
BPP_200_1000_0.2_0.7_9.txt
BPP_500_120_0.2_0.7_1.txt
BPP_200_100_0.2_0.8_8.txt
BPP_100_1000_0.2_0.8_6.txt
BPP_300_100_0.2_0.8_9.txt
csBB500_18.txt
BPP_300_300_0.1_0.8_6.txt
BPP_400_120_0.1_0.7_6.txt
BPP_400_120_0.1_0.8_8.txt
BPP_50_125_0.2_0.7_4.txt
BPP_300_150_0.2_0.8_2.txt
BPP_100_120_0.2_0.7_9.txt
BPP_200_50_0.2_0.7_5.txt
BPP_500_120_0.2_0.8_9.txt
BPP_500_125_0.2_0.7_8.txt
BPP_50_750_0.1_0.8_6.txt
csBB250_20.txt
BPP_1000_750_0.2_0.7_6.txt
BPP_400_125_0.1_0.7_2.txt
BPP_750_125_0.2_0.8_8.txt
BPP_200_50_0.2_0.8_5.txt
BPP_400_400_0.1_0.8_0.txt
801_40000_NR_44.txt
BPP_500_50_0.1_0.7_9.txt
BPP_100_200_0.2_0.8_4.txt
BPP_300_75_0.2_0.7_4.txt
BPP_500_150_0.2_0.8_5.txt
BPP_200_150_0.2_0.7_0.txt
BPP_1000_400_0.1_0.8_1.txt
BPP_300_500_0.2_0.7_7.txt
BPP_100_1000_0.2_0.8_7.txt
BPP_50_50_0.1_0.8_1.txt
BPP_100_50_0.2_0.7_1.txt
BPP_200_750_0.2_0.7_1.txt
BPP_500_300_0.2_0.7_5.txt
BPP_1000_120_0.2_0.7_2.txt
BPP_300_300_0.2_0.8_3.txt
BPP_300_300_0.1_0.8_9.txt
BPP_500_125_0.1_0.7_5.txt
BPP_200_500_0.2_0.7_3.txt
1002_80000_DI_12.txt
BPP_750_200_0.2_0.8_0.txt
BPP_200_120_0.1_0.7_2.txt
BPP_400_50_0.2_0.8_3.txt
BPP_200_150_0.1_0.8_0.txt
BPP_400_500_0.2_0.7_4.txt
BPP_50_125_0.2_0.8_5.txt
BPP_300_1000_0.1_0.7_9.txt
csAB500_18.txt
csAA125_11.txt
BPP_750_1000_0.2_0.7_7.txt
BPP_200_100_0.1_0.7_7.txt
BPP_200_50_0.2_0.8_9.txt
BPP_100_400_0.2_0.8_3.txt
BPP_1000_500_0.2_0.8_1.txt
BPP_300_50_0.1_0.8_0.txt
BPP_50_1000_0.2_0.7_4.txt
BPP_400_75_0.1_0.8_9.txt
BPP_200_100_0.1_0.8_8.txt
BPP_200_75_0.2_0.7_2.txt
BPP_1000_300_0.2_0.7_2.txt
BPP_300_75_0.1_0.7_6.txt
BPP_400_120_0.1_0.7_4.txt
BPP_100_400_0.2_0.8_4.txt
BPP_50_500_0.1_0.7_9.txt
BPP_200_50_0.2_0.8_4.txt
BPP_200_75_0.2_0.7_8.txt
BPP_750_1000_0.1_0.7_5.txt
BPP_100_1000_0.2_0.8_8.txt
BPP_750_400_0.1_0.7_0.txt
BPP_400_50_0.2_0.8_4.txt
BPP_750_200_0.1_0.7_8.txt
BPP_200_1000_0.2_0.7_1.txt
csAB500_17.txt
csBB250_6.txt
BPP_400_1000_0.1_0.7_9.txt
1002_80000_DI_32.txt
BPP_400_500_0.2_0.7_3.txt
1002_80000_NR_49.txt
csAA250_11.txt
BPP_500_1000_0.1_0.7_5.txt
BPP_750_100_0.2_0.8_5.txt
BPP_1000_500_0.1_0.7_8.txt
BPP_50_75_0.1_0.8_2.txt
BPP_300_750_0.1_0.8_2.txt
BPP_400_125_0.2_0.7_3.txt
BPP_1000_100_0.1_0.7_8.txt
BPP_400_750_0.2_0.8_1.txt
BPP_300_1000_0.1_0.8_8.txt
BPP_100_125_0.2_0.7_3.txt
BPP_50_500_0.2_0.8_0.txt
BPP_100_150_0.2_0.7_0.txt
BPP_300_125_0.2_0.7_6.txt
BPP_300_150_0.1_0.8_8.txt
BPP_400_200_0.1_0.8_5.txt
BPP_750_200_0.2_0.7_5.txt
BPP_750_100_0.2_0.8_6.txt
BPP_750_50_0.1_0.8_1.txt
BPP_500_200_0.1_0.8_6.txt
BPP_400_100_0.2_0.8_0.txt
BPP_500_1000_0.2_0.8_4.txt
BPP_400_400_0.1_0.7_7.txt
csAB500_2.txt
BPP_500_200_0.2_0.8_5.txt
BPP_200_750_0.2_0.8_4.txt
BPP_1000_300_0.2_0.7_7.txt
BPP_400_200_0.2_0.8_2.txt
csAA250_3.txt
csBB125_9.txt
BPP_400_1000_0.1_0.7_2.txt
csBA250_9.txt
BPP_400_400_0.1_0.8_8.txt
BPP_1000_150_0.2_0.8_2.txt
BPP_750_400_0.2_0.7_2.txt
BPP_50_120_0.1_0.7_5.txt
BPP_200_750_0.1_0.8_8.txt
BPP_500_300_0.2_0.7_9.txt
BPP_200_500_0.2_0.8_0.txt
BPP_300_400_0.1_0.8_8.txt
BPP_50_400_0.2_0.8_4.txt
BPP_100_400_0.1_0.8_2.txt
BPP_100_200_0.1_0.8_7.txt
BPP_200_150_0.1_0.7_3.txt
1002_80000_NR_24.txt
BPP_400_1000_0.2_0.8_0.txt
BPP_200_750_0.1_0.8_5.txt
BPP_400_50_0.2_0.7_0.txt
BPP_1000_50_0.1_0.8_3.txt
1002_80000_DI_37.txt
BPP_400_150_0.2_0.8_8.txt
402_10000_NR_49.txt
BPP_300_200_0.1_0.7_4.txt
BPP_50_120_0.2_0.8_9.txt
201_2500_DI_22.txt
BPP_100_400_0.1_0.7_9.txt
BPP_1000_750_0.2_0.7_5.txt
BPP_50_200_0.2_0.8_7.txt
BPP_1000_400_0.2_0.7_0.txt
BPP_750_125_0.1_0.8_3.txt
BPP_750_400_0.2_0.8_6.txt
BPP_200_50_0.2_0.8_7.txt
csBB500_6.txt
600_20000_NR_48.txt
BPP_1000_150_0.2_0.7_6.txt
BPP_100_125_0.1_0.7_6.txt
BPP_500_200_0.1_0.7_4.txt
201_2500_NR_19.txt
BPP_200_100_0.1_0.7_2.txt
BPP_300_500_0.1_0.8_0.txt
BPP_50_50_0.2_0.8_5.txt
BPP_300_200_0.1_0.7_6.txt
BPP_400_120_0.2_0.7_3.txt
BPP_200_75_0.2_0.8_0.txt
BPP_200_300_0.2_0.8_2.txt
BPP_100_750_0.2_0.7_0.txt
BPP_50_120_0.1_0.8_9.txt
csBA250_17.txt
BPP_300_1000_0.2_0.7_7.txt
BPP_100_750_0.1_0.8_2.txt
BPP_750_150_0.2_0.7_5.txt
BPP_750_150_0.1_0.8_4.txt
BPP_100_500_0.1_0.8_6.txt
BPP_500_150_0.2_0.7_1.txt
BPP_1000_400_0.2_0.7_5.txt
BPP_50_1000_0.1_0.7_0.txt
BPP_50_100_0.1_0.7_8.txt
801_40000_DI_28.txt
BPP_200_200_0.1_0.8_7.txt
BPP_200_100_0.1_0.8_9.txt
BPP_300_125_0.1_0.7_6.txt
201_2500_DI_12.txt
BPP_400_100_0.1_0.8_3.txt
BPP_100_400_0.2_0.8_2.txt
BPP_300_400_0.2_0.7_4.txt
BPP_500_120_0.2_0.7_2.txt
BPP_500_750_0.1_0.8_4.txt
BPP_300_500_0.2_0.7_4.txt
BPP_500_750_0.1_0.8_8.txt
BPP_200_200_0.2_0.7_3.txt
BPP_300_200_0.1_0.8_2.txt
BPP_100_500_0.2_0.7_4.txt
BPP_300_400_0.1_0.8_1.txt
BPP_500_150_0.2_0.7_5.txt
BPP_400_120_0.2_0.8_5.txt
600_20000_DI_34.txt
BPP_750_200_0.2_0.8_4.txt
BPP_400_500_0.2_0.7_6.txt
BPP_1000_50_0.2_0.7_3.txt
BPP_750_400_0.2_0.8_0.txt
BPP_400_50_0.2_0.7_7.txt
BPP_400_50_0.2_0.8_6.txt
BPP_200_200_0.2_0.8_7.txt
BPP_200_50_0.2_0.8_6.txt
BPP_1000_75_0.1_0.8_3.txt
BPP_500_75_0.1_0.8_0.txt
BPP_100_1000_0.2_0.8_9.txt
402_10000_DI_10.txt
BPP_400_100_0.1_0.8_6.txt
BPP_300_50_0.1_0.7_2.txt
BPP_1000_100_0.2_0.7_3.txt
csBB500_14.txt
201_2500_DI_23.txt
BPP_400_400_0.2_0.8_0.txt
BPP_500_400_0.1_0.7_5.txt
BPP_50_75_0.2_0.7_1.txt
BPP_300_125_0.2_0.8_3.txt
BPP_200_400_0.1_0.7_4.txt
BPP_50_500_0.2_0.7_6.txt
BPP_50_75_0.1_0.8_3.txt
BPP_750_200_0.1_0.8_3.txt
BPP_300_300_0.2_0.7_3.txt
BPP_300_75_0.1_0.8_4.txt
BPP_200_400_0.2_0.7_8.txt
BPP_300_400_0.1_0.8_4.txt
BPP_300_125_0.2_0.8_6.txt
BPP_300_50_0.2_0.7_5.txt
BPP_200_1000_0.1_0.8_6.txt
BPP_400_150_0.2_0.7_5.txt
BPP_300_200_0.1_0.7_9.txt
1002_80000_NR_25.txt
BPP_1000_750_0.1_0.7_6.txt
csBA500_12.txt
BPP_1000_500_0.1_0.7_6.txt
BPP_500_100_0.2_0.8_9.txt
BPP_200_125_0.2_0.8_6.txt
BPP_400_120_0.1_0.7_1.txt
801_40000_DI_1.txt
BPP_500_400_0.1_0.8_0.txt
BPP_100_200_0.2_0.8_6.txt
600_20000_NR_23.txt
402_10000_NR_1.txt
csAA500_1.txt
BPP_750_1000_0.1_0.8_8.txt
BPP_500_50_0.1_0.8_6.txt
BPP_50_150_0.1_0.8_7.txt
BPP_750_400_0.1_0.7_6.txt
BPP_500_120_0.1_0.7_2.txt
csBA250_7.txt
BPP_200_150_0.1_0.7_1.txt
BPP_50_150_0.2_0.7_7.txt
BPP_1000_100_0.1_0.7_0.txt
BPP_500_500_0.2_0.7_0.txt
BPP_300_125_0.1_0.8_9.txt
BPP_750_150_0.1_0.7_8.txt
BPP_750_150_0.2_0.7_6.txt
BPP_200_400_0.2_0.7_7.txt
BPP_50_500_0.1_0.7_0.txt
BPP_300_300_0.1_0.7_8.txt
BPP_750_300_0.2_0.7_9.txt
BPP_750_125_0.2_0.8_3.txt
BPP_200_120_0.2_0.8_3.txt
BPP_50_50_0.1_0.7_8.txt
BPP_500_300_0.1_0.8_3.txt
801_40000_DI_39.txt
BPP_200_300_0.2_0.8_3.txt
BPP_200_400_0.2_0.8_8.txt
BPP_300_120_0.2_0.8_7.txt
BPP_50_200_0.2_0.8_9.txt
BPP_50_75_0.1_0.8_4.txt
BPP_200_120_0.2_0.7_7.txt
BPP_100_400_0.2_0.7_7.txt
BPP_100_100_0.2_0.8_7.txt
BPP_200_400_0.1_0.7_8.txt
BPP_1000_100_0.1_0.7_6.txt
BPP_200_1000_0.2_0.7_7.txt
BPP_100_50_0.1_0.8_9.txt
BPP_1000_300_0.1_0.7_4.txt
BPP_1000_200_0.1_0.8_8.txt
BPP_500_75_0.2_0.8_1.txt
BPP_200_300_0.2_0.8_6.txt
BPP_200_500_0.2_0.7_7.txt
BPP_50_1000_0.2_0.8_8.txt
BPP_500_100_0.1_0.7_3.txt
BPP_200_750_0.2_0.8_0.txt
BPP_100_120_0.2_0.7_2.txt
csBA500_13.txt
BPP_1000_1000_0.1_0.8_2.txt
BPP_200_400_0.2_0.7_5.txt
BPP_1000_125_0.2_0.8_8.txt
BPP_200_125_0.1_0.7_2.txt
BPP_100_400_0.1_0.7_8.txt
BPP_200_125_0.1_0.8_6.txt
BPP_1000_125_0.1_0.7_0.txt
BPP_100_400_0.1_0.8_9.txt
BPP_1000_150_0.2_0.7_8.txt
BPP_50_750_0.2_0.7_3.txt
BPP_100_300_0.1_0.7_1.txt
BPP_200_300_0.2_0.7_1.txt
BPP_300_200_0.1_0.8_4.txt
BPP_300_125_0.1_0.7_9.txt
BPP_50_400_0.1_0.8_6.txt
BPP_100_100_0.1_0.8_5.txt
801_40000_DI_22.txt
BPP_1000_400_0.1_0.7_5.txt
BPP_100_300_0.1_0.8_3.txt
BPP_400_50_0.2_0.7_8.txt
BPP_500_150_0.2_0.7_7.txt
BPP_50_120_0.1_0.8_1.txt
BPP_50_50_0.1_0.7_1.txt
BPP_750_125_0.1_0.7_1.txt
BPP_400_750_0.2_0.8_5.txt
BPP_300_200_0.2_0.8_9.txt
BPP_1000_500_0.2_0.8_3.txt
BPP_200_150_0.2_0.7_8.txt
BPP_750_200_0.2_0.8_1.txt
BPP_400_400_0.1_0.7_2.txt
BPP_50_100_0.2_0.7_6.txt
csBB500_19.txt
BPP_1000_400_0.2_0.8_9.txt
BPP_100_50_0.2_0.7_9.txt
BPP_1000_120_0.2_0.7_3.txt
BPP_100_120_0.2_0.8_9.txt
BPP_500_300_0.2_0.7_3.txt
BPP_100_100_0.2_0.8_9.txt
1002_80000_NR_31.txt
BPP_200_300_0.2_0.8_4.txt
BPP_200_400_0.2_0.8_7.txt
BPP_500_100_0.2_0.7_3.txt
BPP_500_400_0.2_0.7_7.txt
BPP_200_100_0.1_0.8_2.txt
BPP_400_200_0.1_0.8_4.txt
BPP_50_750_0.1_0.7_2.txt
BPP_400_200_0.1_0.8_9.txt
BPP_500_50_0.2_0.8_9.txt
BPP_400_100_0.1_0.7_4.txt
BPP_50_750_0.2_0.8_8.txt
BPP_300_1000_0.1_0.7_3.txt
BPP_1000_150_0.1_0.7_1.txt
BPP_100_125_0.2_0.7_2.txt
BPP_750_300_0.2_0.7_5.txt
BPP_200_400_0.2_0.7_6.txt
BPP_750_500_0.2_0.7_2.txt
BPP_750_150_0.2_0.8_3.txt
BPP_750_200_0.2_0.8_3.txt
BPP_750_750_0.2_0.8_3.txt
BPP_500_125_0.2_0.7_6.txt
BPP_1000_500_0.1_0.7_7.txt
csAB500_20.txt
BPP_750_300_0.2_0.7_6.txt
BPP_750_120_0.2_0.8_8.txt
csAB125_18.txt
BPP_200_200_0.1_0.8_5.txt
BPP_50_120_0.1_0.7_7.txt
csBB125_14.txt
csBA125_12.txt
BPP_400_400_0.1_0.7_0.txt
BPP_300_125_0.2_0.8_9.txt
BPP_50_1000_0.2_0.7_3.txt
BPP_100_100_0.2_0.8_1.txt
BPP_400_1000_0.1_0.7_6.txt
BPP_50_300_0.2_0.7_7.txt
BPP_50_1000_0.2_0.7_5.txt
1002_80000_DI_43.txt
1002_80000_NR_44.txt
201_2500_DI_35.txt
201_2500_DI_14.txt
BPP_750_750_0.1_0.7_6.txt
BPP_400_100_0.1_0.7_8.txt
BPP_300_100_0.1_0.8_2.txt
BPP_200_150_0.1_0.8_7.txt
BPP_50_1000_0.1_0.7_1.txt
BPP_100_1000_0.2_0.7_3.txt
BPP_50_750_0.2_0.7_5.txt
BPP_200_50_0.2_0.8_2.txt
BPP_200_75_0.1_0.8_0.txt
BPP_100_1000_0.1_0.7_8.txt
BPP_1000_200_0.2_0.8_9.txt
BPP_100_200_0.1_0.8_3.txt
BPP_750_150_0.2_0.8_7.txt
BPP_100_100_0.2_0.8_0.txt
BPP_100_500_0.1_0.8_1.txt
BPP_100_100_0.1_0.7_8.txt
BPP_400_75_0.2_0.8_2.txt
BPP_100_300_0.1_0.7_6.txt
BPP_1000_75_0.2_0.8_3.txt
BPP_200_300_0.1_0.8_0.txt
BPP_300_1000_0.2_0.8_2.txt
BPP_500_120_0.2_0.7_4.txt
BPP_100_750_0.2_0.7_3.txt
BPP_100_200_0.2_0.7_2.txt
BPP_300_125_0.2_0.8_1.txt
csAA500_4.txt
BPP_1000_750_0.2_0.8_2.txt
BPP_400_400_0.1_0.8_4.txt
csBB250_17.txt
csAB125_17.txt
BPP_750_300_0.1_0.8_6.txt
BPP_400_150_0.1_0.8_3.txt
BPP_50_400_0.1_0.8_3.txt
BPP_500_500_0.2_0.7_5.txt
BPP_50_400_0.1_0.8_0.txt
BPP_300_200_0.1_0.8_6.txt
BPP_500_750_0.2_0.7_9.txt
BPP_200_100_0.1_0.7_8.txt
BPP_100_1000_0.1_0.8_8.txt
BPP_1000_100_0.1_0.8_4.txt
BPP_200_120_0.1_0.7_4.txt
BPP_200_125_0.1_0.8_8.txt
BPP_1000_150_0.1_0.7_6.txt
BPP_400_750_0.1_0.8_8.txt
BPP_50_50_0.1_0.7_9.txt
BPP_500_75_0.1_0.8_2.txt
BPP_300_400_0.1_0.7_7.txt
BPP_750_125_0.2_0.8_6.txt
BPP_750_50_0.1_0.7_3.txt
BPP_300_300_0.1_0.7_9.txt
BPP_300_150_0.2_0.7_8.txt
BPP_400_750_0.2_0.8_3.txt
BPP_400_125_0.2_0.8_3.txt
BPP_100_300_0.2_0.7_7.txt
BPP_500_75_0.2_0.7_5.txt
BPP_200_400_0.1_0.8_5.txt
BPP_100_500_0.1_0.7_9.txt
BPP_500_400_0.2_0.8_3.txt
BPP_400_75_0.1_0.7_0.txt
BPP_50_500_0.2_0.7_7.txt
BPP_50_500_0.2_0.8_8.txt
csBA500_16.txt
1002_80000_DI_47.txt
1002_80000_NR_11.txt
BPP_750_1000_0.1_0.8_7.txt
BPP_750_50_0.2_0.8_5.txt
BPP_50_1000_0.2_0.8_0.txt
BPP_500_300_0.1_0.7_9.txt
402_10000_DI_5.txt
BPP_300_750_0.2_0.8_3.txt
201_2500_DI_17.txt
BPP_750_400_0.1_0.8_1.txt
BPP_200_120_0.1_0.8_9.txt
BPP_400_750_0.2_0.7_8.txt
BPP_400_200_0.2_0.7_2.txt
BPP_1000_300_0.2_0.7_9.txt
BPP_400_200_0.2_0.7_8.txt
BPP_200_75_0.1_0.8_7.txt
BPP_50_120_0.2_0.7_8.txt
BPP_750_50_0.1_0.7_0.txt
402_10000_DI_15.txt
csBA500_3.txt
csBB125_13.txt
201_2500_DI_47.txt
BPP_300_400_0.1_0.7_8.txt
BPP_500_75_0.1_0.8_4.txt
BPP_400_50_0.1_0.7_7.txt
BPP_1000_75_0.1_0.7_9.txt
BPP_200_400_0.1_0.8_9.txt
801_40000_NR_21.txt
BPP_400_750_0.1_0.7_4.txt
BPP_100_300_0.2_0.7_3.txt
BPP_1000_50_0.2_0.8_2.txt
BPP_50_750_0.2_0.7_8.txt
600_20000_DI_36.txt
BPP_1000_750_0.2_0.8_6.txt
BPP_50_100_0.1_0.7_4.txt
BPP_50_400_0.1_0.8_1.txt
BPP_400_150_0.2_0.8_2.txt
BPP_50_300_0.1_0.8_6.txt
BPP_200_120_0.2_0.7_3.txt
BPP_300_400_0.2_0.8_5.txt
BPP_1000_125_0.1_0.8_7.txt
BPP_200_300_0.1_0.7_7.txt
BPP_50_200_0.1_0.7_1.txt
801_40000_NR_4.txt
csBB500_12.txt
csBB125_18.txt
BPP_1000_1000_0.1_0.7_7.txt
BPP_50_400_0.2_0.7_4.txt
BPP_50_100_0.1_0.7_6.txt
csAB250_18.txt
BPP_1000_200_0.2_0.7_5.txt
csAA125_20.txt
BPP_400_750_0.2_0.7_2.txt
BPP_400_100_0.2_0.7_9.txt
BPP_100_300_0.2_0.7_5.txt
BPP_200_300_0.1_0.7_1.txt
BPP_400_125_0.1_0.7_7.txt
BPP_100_100_0.2_0.7_1.txt
BPP_500_150_0.1_0.7_4.txt
BPP_200_50_0.2_0.7_4.txt
csBB250_9.txt
600_20000_NR_44.txt
201_2500_NR_46.txt
201_2500_NR_28.txt
BPP_500_1000_0.2_0.8_6.txt
BPP_1000_400_0.2_0.8_7.txt
BPP_1000_75_0.2_0.7_4.txt
BPP_50_50_0.2_0.8_8.txt
BPP_750_1000_0.2_0.7_4.txt
BPP_500_120_0.2_0.8_4.txt
BPP_500_100_0.1_0.8_5.txt
BPP_50_300_0.2_0.8_8.txt
600_20000_NR_9.txt
BPP_300_500_0.2_0.7_2.txt
BPP_1000_200_0.2_0.8_8.txt
BPP_200_300_0.1_0.8_9.txt
BPP_50_200_0.2_0.7_9.txt
BPP_300_120_0.2_0.7_9.txt
BPP_100_120_0.2_0.7_4.txt
BPP_500_50_0.1_0.7_3.txt
BPP_100_50_0.2_0.8_2.txt
BPP_750_150_0.2_0.7_3.txt
BPP_750_200_0.1_0.8_5.txt
BPP_200_50_0.2_0.7_6.txt
BPP_500_150_0.1_0.7_3.txt
BPP_200_150_0.2_0.7_3.txt
BPP_200_500_0.1_0.8_4.txt
BPP_750_200_0.2_0.7_8.txt
BPP_50_500_0.2_0.8_5.txt
BPP_50_75_0.1_0.7_4.txt
BPP_50_300_0.2_0.8_0.txt
BPP_750_75_0.1_0.7_7.txt
csAA500_9.txt
BPP_200_200_0.1_0.7_8.txt
BPP_1000_50_0.1_0.8_9.txt
BPP_200_125_0.2_0.7_5.txt
BPP_50_120_0.1_0.8_0.txt
BPP_50_125_0.2_0.7_3.txt
BPP_500_75_0.1_0.7_4.txt
BPP_50_500_0.1_0.8_0.txt
1002_80000_DI_30.txt
BPP_1000_750_0.1_0.7_8.txt
BPP_1000_200_0.1_0.8_1.txt
BPP_750_125_0.1_0.7_3.txt
BPP_300_750_0.2_0.7_1.txt
BPP_500_100_0.2_0.7_1.txt
BPP_400_300_0.1_0.7_7.txt
BPP_1000_100_0.2_0.7_5.txt
BPP_300_75_0.2_0.8_9.txt
BPP_500_200_0.2_0.7_0.txt
BPP_400_200_0.1_0.8_2.txt
BPP_300_50_0.1_0.8_4.txt
BPP_300_125_0.2_0.7_8.txt
BPP_750_75_0.1_0.8_7.txt
BPP_300_400_0.2_0.7_8.txt
BPP_1000_125_0.1_0.7_8.txt
BPP_50_100_0.1_0.7_9.txt
BPP_500_100_0.2_0.7_2.txt
BPP_400_300_0.2_0.8_9.txt
csAA500_5.txt
BPP_750_500_0.1_0.8_8.txt
BPP_500_400_0.2_0.7_9.txt
csAA250_8.txt
BPP_400_150_0.2_0.7_1.txt
csAB125_6.txt
csBA125_18.txt
BPP_1000_400_0.2_0.8_3.txt
BPP_400_75_0.2_0.7_3.txt
BPP_50_150_0.2_0.7_3.txt
BPP_750_400_0.1_0.8_4.txt
BPP_1000_100_0.2_0.8_3.txt
BPP_100_500_0.2_0.7_2.txt
BPP_400_150_0.1_0.7_5.txt
BPP_50_400_0.2_0.8_7.txt
BPP_750_500_0.1_0.8_3.txt
BPP_200_300_0.2_0.7_8.txt
BPP_500_500_0.1_0.7_4.txt
BPP_750_750_0.1_0.8_8.txt
BPP_500_150_0.2_0.8_7.txt
BPP_400_300_0.1_0.8_9.txt
BPP_750_120_0.1_0.8_2.txt
BPP_200_300_0.1_0.8_3.txt
csBA500_11.txt
BPP_500_200_0.1_0.7_1.txt
csAA125_2.txt
BPP_400_200_0.1_0.7_6.txt
BPP_50_150_0.2_0.8_4.txt
BPP_750_100_0.2_0.7_1.txt
BPP_50_125_0.1_0.7_8.txt
BPP_100_200_0.1_0.7_7.txt
BPP_400_120_0.1_0.7_8.txt
BPP_500_150_0.1_0.8_3.txt
BPP_500_200_0.2_0.8_6.txt
BPP_750_400_0.2_0.7_5.txt
csBA250_2.txt
BPP_300_300_0.2_0.7_7.txt
1002_80000_DI_23.txt
BPP_750_1000_0.2_0.7_9.txt
BPP_50_100_0.2_0.7_8.txt
402_10000_DI_17.txt
1002_80000_NR_16.txt
BPP_1000_1000_0.2_0.7_1.txt
BPP_50_200_0.2_0.8_4.txt
BPP_500_300_0.1_0.7_0.txt
402_10000_DI_19.txt
201_2500_DI_24.txt
BPP_400_400_0.1_0.7_9.txt
BPP_100_100_0.2_0.8_8.txt
BPP_750_120_0.1_0.7_1.txt
201_2500_DI_44.txt
BPP_400_300_0.1_0.7_6.txt
BPP_50_300_0.1_0.7_9.txt
csAA500_16.txt
BPP_750_1000_0.2_0.7_0.txt
BPP_1000_120_0.1_0.8_2.txt
BPP_50_750_0.2_0.8_7.txt
BPP_300_500_0.2_0.8_4.txt
BPP_300_400_0.1_0.7_9.txt
BPP_500_150_0.2_0.7_8.txt
BPP_750_50_0.2_0.7_4.txt
BPP_1000_300_0.1_0.7_9.txt
BPP_750_750_0.1_0.8_4.txt
BPP_500_120_0.1_0.8_2.txt
BPP_200_75_0.2_0.8_8.txt
BPP_500_50_0.2_0.8_0.txt
BPP_300_150_0.2_0.8_1.txt
csAA500_6.txt
csAA125_1.txt
csBB125_15.txt
BPP_750_750_0.1_0.8_3.txt
BPP_200_50_0.1_0.8_2.txt
csAA250_12.txt
BPP_1000_200_0.1_0.7_0.txt
BPP_50_400_0.2_0.7_1.txt
BPP_400_50_0.2_0.8_2.txt
BPP_1000_150_0.1_0.8_8.txt
BPP_400_400_0.2_0.8_9.txt
1002_80000_NR_8.txt
BPP_1000_1000_0.2_0.7_7.txt
BPP_300_750_0.2_0.8_6.txt
BPP_1000_200_0.2_0.8_4.txt
BPP_50_300_0.1_0.7_3.txt
BPP_400_150_0.2_0.8_6.txt
BPP_300_400_0.2_0.7_5.txt
BPP_400_200_0.1_0.8_7.txt
BPP_750_75_0.1_0.8_0.txt
BPP_50_300_0.2_0.7_8.txt
BPP_400_100_0.2_0.7_2.txt
BPP_200_75_0.1_0.7_5.txt
600_20000_NR_30.txt
1002_80000_DI_21.txt
BPP_500_750_0.1_0.7_7.txt
BPP_200_500_0.1_0.7_2.txt
BPP_1000_120_0.2_0.7_1.txt
402_10000_NR_28.txt
BPP_1000_300_0.1_0.7_0.txt
BPP_100_75_0.1_0.8_8.txt
BPP_100_120_0.1_0.8_0.txt
BPP_400_125_0.2_0.8_1.txt
BPP_1000_200_0.2_0.7_7.txt
BPP_750_125_0.2_0.7_2.txt
csAB500_12.txt
BPP_100_50_0.2_0.8_6.txt
csAA125_5.txt
BPP_750_400_0.2_0.7_3.txt
BPP_100_100_0.1_0.8_2.txt
BPP_100_400_0.2_0.8_1.txt
BPP_200_120_0.1_0.8_0.txt
BPP_750_150_0.2_0.7_8.txt
BPP_100_500_0.2_0.7_1.txt
BPP_750_125_0.1_0.8_1.txt
BPP_300_50_0.2_0.8_8.txt
BPP_750_100_0.1_0.8_1.txt
BPP_50_50_0.2_0.8_4.txt
BPP_300_750_0.2_0.7_5.txt
BPP_100_200_0.1_0.7_9.txt
csAB250_11.txt
BPP_300_200_0.2_0.8_7.txt
600_20000_DI_35.txt
600_20000_NR_46.txt
201_2500_DI_15.txt
BPP_500_400_0.2_0.8_1.txt
BPP_200_50_0.2_0.7_1.txt
BPP_50_125_0.2_0.8_4.txt
201_2500_NR_34.txt
BPP_400_150_0.1_0.8_0.txt
BPP_1000_120_0.1_0.8_7.txt
csAA250_9.txt
BPP_1000_500_0.2_0.7_6.txt
BPP_50_120_0.2_0.7_1.txt
BPP_500_120_0.2_0.8_0.txt
BPP_1000_200_0.2_0.8_1.txt
csBA250_15.txt
BPP_200_750_0.1_0.8_3.txt
BPP_500_125_0.1_0.7_9.txt
402_10000_NR_12.txt
BPP_50_125_0.2_0.7_2.txt
BPP_300_1000_0.1_0.7_4.txt
BPP_200_50_0.2_0.7_0.txt
BPP_1000_50_0.2_0.7_1.txt
BPP_1000_50_0.2_0.7_0.txt
BPP_50_120_0.2_0.7_5.txt
BPP_500_100_0.1_0.8_6.txt
BPP_1000_300_0.2_0.7_6.txt
BPP_100_150_0.1_0.7_7.txt
BPP_100_120_0.2_0.7_8.txt
BPP_400_125_0.1_0.8_5.txt
BPP_750_75_0.2_0.7_4.txt
BPP_100_1000_0.1_0.8_7.txt
BPP_500_300_0.1_0.8_1.txt
BPP_400_75_0.2_0.7_9.txt
600_20000_NR_7.txt
BPP_500_1000_0.1_0.8_7.txt
BPP_200_1000_0.1_0.8_7.txt
BPP_500_750_0.2_0.7_0.txt
402_10000_NR_8.txt
BPP_750_500_0.2_0.8_1.txt
BPP_500_75_0.1_0.7_5.txt
BPP_200_75_0.1_0.7_7.txt
BPP_500_200_0.2_0.8_3.txt
BPP_500_125_0.2_0.7_3.txt
BPP_500_50_0.1_0.8_5.txt
csBA500_8.txt
csBA125_4.txt
BPP_750_300_0.1_0.7_8.txt
BPP_750_100_0.1_0.8_0.txt
BPP_1000_150_0.1_0.7_0.txt
BPP_500_500_0.1_0.8_2.txt
BPP_50_200_0.2_0.8_1.txt
BPP_750_120_0.2_0.8_9.txt
BPP_200_300_0.2_0.7_4.txt
BPP_750_750_0.2_0.7_3.txt
BPP_300_750_0.2_0.7_8.txt
BPP_400_300_0.1_0.7_2.txt
BPP_300_125_0.1_0.8_4.txt
BPP_200_100_0.2_0.8_7.txt
BPP_500_1000_0.2_0.8_8.txt
BPP_1000_500_0.1_0.7_5.txt
BPP_50_500_0.2_0.7_0.txt
BPP_50_150_0.1_0.8_0.txt
csBA500_1.txt
1002_80000_DI_2.txt
BPP_1000_500_0.2_0.8_5.txt
BPP_50_1000_0.2_0.7_7.txt
BPP_1000_750_0.1_0.8_9.txt
BPP_200_300_0.1_0.8_2.txt
BPP_100_300_0.2_0.8_2.txt
1002_80000_NR_41.txt
BPP_1000_300_0.1_0.8_4.txt
BPP_50_750_0.2_0.8_5.txt
BPP_300_750_0.1_0.7_6.txt
BPP_50_300_0.1_0.7_6.txt
BPP_300_200_0.2_0.8_0.txt
BPP_400_300_0.2_0.7_6.txt
BPP_200_500_0.1_0.7_8.txt
csAA500_11.txt
BPP_500_750_0.1_0.7_9.txt
BPP_1000_500_0.2_0.8_0.txt
BPP_100_120_0.1_0.8_9.txt
BPP_1000_200_0.1_0.7_6.txt
BPP_750_400_0.1_0.7_3.txt
BPP_50_500_0.1_0.8_2.txt
BPP_750_400_0.2_0.7_8.txt
BPP_300_120_0.1_0.8_0.txt
BPP_300_100_0.1_0.8_7.txt
BPP_500_300_0.2_0.7_7.txt
801_40000_NR_49.txt
BPP_750_500_0.2_0.8_4.txt
BPP_1000_150_0.1_0.8_4.txt
BPP_300_1000_0.2_0.7_3.txt
BPP_500_120_0.2_0.7_8.txt
BPP_100_150_0.2_0.8_8.txt
BPP_750_120_0.2_0.7_5.txt
BPP_300_1000_0.2_0.7_4.txt
BPP_100_125_0.1_0.7_2.txt
BPP_750_50_0.1_0.7_5.txt
BPP_500_120_0.2_0.8_3.txt
BPP_50_75_0.2_0.7_3.txt
csBA500_15.txt
BPP_300_200_0.2_0.7_4.txt
BPP_1000_200_0.2_0.8_6.txt
BPP_100_300_0.2_0.8_3.txt
csBB125_5.txt
csAB125_15.txt
csAB250_9.txt
1002_80000_DI_49.txt
BPP_1000_1000_0.2_0.7_9.txt
BPP_50_100_0.2_0.8_0.txt
BPP_200_150_0.1_0.8_4.txt
csBB250_18.txt
801_40000_NR_12.txt
BPP_750_1000_0.1_0.7_8.txt
BPP_300_120_0.2_0.7_2.txt
BPP_50_125_0.1_0.7_6.txt
BPP_750_750_0.2_0.8_7.txt
BPP_50_400_0.1_0.7_7.txt
BPP_100_125_0.2_0.8_8.txt
BPP_750_120_0.2_0.8_4.txt
BPP_750_75_0.1_0.8_5.txt
BPP_750_50_0.1_0.8_6.txt
BPP_1000_200_0.2_0.7_2.txt
BPP_300_500_0.2_0.8_3.txt
csAB500_7.txt
BPP_500_125_0.2_0.8_9.txt
801_40000_DI_2.txt
BPP_500_125_0.1_0.7_2.txt
BPP_400_120_0.2_0.7_0.txt
BPP_1000_200_0.1_0.8_6.txt
BPP_300_200_0.2_0.8_8.txt
BPP_200_1000_0.2_0.7_6.txt
csAA250_15.txt
csBB125_4.txt
402_10000_DI_2.txt
BPP_500_1000_0.1_0.8_0.txt
BPP_1000_120_0.1_0.7_0.txt
BPP_400_120_0.1_0.8_3.txt
BPP_1000_100_0.1_0.8_0.txt
BPP_400_500_0.1_0.8_6.txt
BPP_400_500_0.2_0.7_5.txt
BPP_50_500_0.2_0.7_5.txt
BPP_1000_1000_0.2_0.8_5.txt
BPP_500_1000_0.1_0.7_1.txt
BPP_200_300_0.2_0.7_9.txt
BPP_200_750_0.2_0.8_7.txt
BPP_100_1000_0.2_0.8_0.txt
csBB500_10.txt
csAA125_17.txt
BPP_300_300_0.1_0.7_2.txt
BPP_400_150_0.2_0.7_2.txt
BPP_400_120_0.2_0.8_6.txt
BPP_1000_400_0.2_0.8_1.txt
BPP_1000_125_0.2_0.8_5.txt
BPP_400_50_0.2_0.8_7.txt
BPP_300_120_0.1_0.8_8.txt
csAB250_15.txt
csAB250_4.txt
BPP_1000_750_0.1_0.8_7.txt
BPP_300_125_0.1_0.7_8.txt
BPP_1000_125_0.2_0.7_3.txt
BPP_300_150_0.2_0.7_4.txt
BPP_750_300_0.2_0.7_2.txt
BPP_300_1000_0.2_0.8_7.txt
BPP_100_1000_0.1_0.7_9.txt
BPP_200_125_0.2_0.8_9.txt
BPP_300_200_0.1_0.7_7.txt
BPP_100_200_0.2_0.7_9.txt
1002_80000_DI_6.txt
BPP_400_1000_0.1_0.8_8.txt
BPP_500_50_0.2_0.8_8.txt
BPP_300_1000_0.2_0.7_9.txt
BPP_1000_150_0.2_0.8_9.txt
402_10000_DI_11.txt
402_10000_DI_45.txt
csAA500_20.txt
csAB125_12.txt
BPP_1000_750_0.1_0.7_0.txt
BPP_300_150_0.2_0.8_8.txt
BPP_400_125_0.1_0.8_8.txt
csAB250_20.txt
600_20000_DI_19.txt
201_2500_DI_33.txt
BPP_1000_1000_0.1_0.7_0.txt
BPP_750_150_0.2_0.7_0.txt
BPP_750_200_0.2_0.7_3.txt
BPP_200_200_0.2_0.7_8.txt
BPP_100_750_0.2_0.8_7.txt
BPP_300_150_0.2_0.8_5.txt
BPP_100_300_0.2_0.7_8.txt
BPP_1000_500_0.2_0.7_7.txt
BPP_50_120_0.1_0.7_9.txt
600_20000_DI_14.txt
BPP_200_500_0.1_0.8_2.txt
BPP_50_750_0.1_0.8_3.txt
BPP_200_75_0.1_0.8_1.txt
BPP_300_50_0.2_0.8_7.txt
BPP_100_150_0.1_0.8_3.txt
csBB500_2.txt
BPP_300_1000_0.1_0.7_2.txt
BPP_100_300_0.2_0.8_0.txt
BPP_200_50_0.1_0.7_2.txt
csBB125_3.txt
BPP_100_120_0.1_0.7_2.txt
csBA250_4.txt
600_20000_DI_41.txt
BPP_1000_750_0.1_0.7_2.txt
BPP_300_100_0.1_0.7_4.txt
BPP_500_300_0.1_0.7_5.txt
BPP_300_200_0.2_0.8_5.txt
BPP_1000_300_0.1_0.8_8.txt
BPP_400_50_0.1_0.8_1.txt
BPP_200_75_0.2_0.8_1.txt
BPP_200_1000_0.2_0.8_1.txt
BPP_400_200_0.2_0.8_8.txt
BPP_50_75_0.2_0.7_8.txt
BPP_1000_75_0.2_0.8_5.txt
BPP_100_100_0.1_0.7_2.txt
BPP_500_50_0.2_0.7_1.txt
BPP_500_300_0.2_0.8_1.txt
BPP_200_400_0.1_0.7_5.txt
BPP_300_200_0.2_0.8_3.txt
BPP_750_125_0.1_0.8_6.txt
BPP_100_1000_0.2_0.7_9.txt
BPP_50_100_0.2_0.7_1.txt
BPP_750_500_0.1_0.7_0.txt
BPP_50_100_0.2_0.7_3.txt
BPP_50_1000_0.1_0.7_9.txt
BPP_100_150_0.2_0.7_1.txt
BPP_500_300_0.2_0.8_8.txt
BPP_400_120_0.2_0.7_9.txt
BPP_50_1000_0.1_0.7_7.txt
BPP_100_400_0.1_0.8_6.txt
BPP_100_75_0.2_0.7_0.txt
BPP_300_150_0.1_0.7_8.txt
BPP_200_750_0.2_0.7_2.txt
csBA500_19.txt
BPP_1000_400_0.2_0.8_2.txt
BPP_300_125_0.2_0.7_9.txt
BPP_100_100_0.1_0.8_7.txt
BPP_400_125_0.1_0.7_4.txt
BPP_100_500_0.1_0.7_5.txt
BPP_500_50_0.2_0.7_4.txt
BPP_1000_75_0.2_0.8_1.txt
BPP_400_300_0.2_0.7_5.txt
BPP_50_125_0.2_0.7_0.txt
BPP_100_75_0.2_0.7_1.txt
BPP_300_75_0.1_0.7_1.txt
BPP_100_125_0.1_0.7_1.txt
BPP_1000_300_0.2_0.8_8.txt
BPP_400_125_0.2_0.8_9.txt
BPP_100_400_0.1_0.8_4.txt
BPP_50_300_0.2_0.7_9.txt
BPP_1000_50_0.1_0.8_6.txt
BPP_300_120_0.1_0.7_8.txt
BPP_50_150_0.2_0.8_6.txt
BPP_200_100_0.2_0.8_3.txt
BPP_500_100_0.2_0.7_5.txt
BPP_500_120_0.1_0.7_8.txt
1002_80000_NR_36.txt
BPP_200_300_0.2_0.8_5.txt
BPP_400_150_0.1_0.7_9.txt
BPP_200_100_0.1_0.8_4.txt
BPP_100_750_0.2_0.8_0.txt
BPP_50_300_0.1_0.8_1.txt
BPP_1000_300_0.1_0.7_7.txt
BPP_750_400_0.2_0.7_9.txt
BPP_500_1000_0.2_0.7_7.txt
BPP_750_500_0.1_0.8_9.txt
BPP_100_500_0.1_0.8_3.txt
BPP_50_100_0.1_0.8_6.txt
BPP_1000_300_0.2_0.8_6.txt
BPP_400_100_0.2_0.7_3.txt
BPP_300_400_0.2_0.8_8.txt
BPP_500_75_0.2_0.7_4.txt
BPP_50_400_0.2_0.7_7.txt
BPP_750_300_0.1_0.8_2.txt
BPP_100_50_0.1_0.7_0.txt
BPP_200_120_0.1_0.7_6.txt
BPP_400_150_0.2_0.7_6.txt
BPP_50_400_0.2_0.8_3.txt
BPP_50_1000_0.1_0.8_6.txt
BPP_200_75_0.2_0.8_4.txt
BPP_750_120_0.1_0.7_3.txt
BPP_50_100_0.2_0.7_0.txt
BPP_750_150_0.1_0.8_5.txt
BPP_1000_400_0.2_0.7_6.txt
BPP_500_100_0.2_0.7_7.txt
csBB500_20.txt
BPP_300_1000_0.2_0.7_6.txt
BPP_300_100_0.2_0.8_0.txt
BPP_400_100_0.2_0.8_2.txt
BPP_100_500_0.1_0.8_4.txt
BPP_300_120_0.2_0.8_9.txt
BPP_1000_300_0.1_0.8_3.txt
BPP_300_150_0.1_0.8_6.txt
BPP_50_400_0.1_0.7_3.txt
BPP_200_100_0.1_0.7_0.txt
BPP_100_100_0.2_0.8_6.txt
BPP_100_50_0.2_0.7_3.txt
BPP_50_150_0.2_0.8_2.txt
BPP_200_300_0.1_0.7_6.txt
BPP_100_200_0.1_0.8_6.txt
BPP_100_125_0.2_0.8_2.txt
BPP_400_120_0.1_0.8_0.txt
BPP_300_50_0.1_0.8_6.txt
BPP_50_75_0.2_0.7_9.txt
BPP_300_300_0.1_0.7_6.txt
BPP_100_120_0.1_0.8_1.txt
1002_80000_DI_29.txt
201_2500_DI_5.txt
201_2500_DI_27.txt
1002_80000_NR_39.txt
BPP_1000_750_0.1_0.8_8.txt
BPP_500_750_0.2_0.8_5.txt
BPP_200_75_0.2_0.8_6.txt
BPP_50_100_0.2_0.8_9.txt
csBA500_10.txt
csBB125_20.txt
csAB125_3.txt
csBB125_7.txt
BPP_1000_1000_0.2_0.7_6.txt
BPP_200_400_0.1_0.7_0.txt
BPP_100_120_0.2_0.7_5.txt
BPP_1000_200_0.1_0.8_3.txt
BPP_200_500_0.2_0.8_2.txt
BPP_50_200_0.2_0.7_7.txt
BPP_200_120_0.2_0.7_1.txt
BPP_750_125_0.2_0.8_4.txt
BPP_50_150_0.2_0.7_8.txt
BPP_300_125_0.2_0.8_7.txt
801_40000_DI_47.txt
BPP_1000_1000_0.2_0.8_3.txt
BPP_750_120_0.1_0.8_5.txt
BPP_200_300_0.1_0.7_5.txt
BPP_50_1000_0.1_0.8_9.txt
BPP_300_120_0.2_0.7_5.txt
BPP_50_120_0.2_0.8_0.txt
402_10000_DI_32.txt
801_40000_NR_9.txt
BPP_1000_300_0.1_0.8_0.txt
BPP_50_100_0.2_0.8_5.txt
BPP_100_75_0.2_0.8_9.txt
BPP_400_100_0.2_0.8_3.txt
BPP_100_400_0.2_0.7_9.txt
csBA500_20.txt
csBB125_6.txt
BPP_400_1000_0.2_0.7_8.txt
BPP_400_75_0.2_0.7_6.txt
BPP_1000_150_0.2_0.7_1.txt
402_10000_DI_12.txt
BPP_400_500_0.2_0.8_7.txt
BPP_500_125_0.1_0.8_6.txt
BPP_50_750_0.1_0.7_5.txt
BPP_100_125_0.2_0.8_9.txt
csBB250_4.txt
BPP_500_300_0.1_0.7_8.txt
csAA125_15.txt
BPP_300_750_0.1_0.7_4.txt
BPP_50_750_0.1_0.8_7.txt
BPP_100_500_0.1_0.7_4.txt
BPP_1000_120_0.1_0.7_8.txt
BPP_300_1000_0.2_0.8_9.txt
BPP_1000_100_0.1_0.8_9.txt
BPP_500_750_0.2_0.8_8.txt
BPP_400_200_0.1_0.7_8.txt
BPP_50_300_0.2_0.7_1.txt
BPP_100_120_0.2_0.8_2.txt
BPP_100_200_0.1_0.8_4.txt
BPP_500_300_0.2_0.7_1.txt
BPP_200_50_0.2_0.8_8.txt
BPP_50_400_0.2_0.7_2.txt
801_40000_NR_43.txt
BPP_1000_750_0.1_0.7_7.txt
BPP_1000_75_0.2_0.8_7.txt
csBA500_7.txt
BPP_750_125_0.1_0.8_2.txt
BPP_100_150_0.2_0.7_4.txt
BPP_100_300_0.1_0.7_0.txt
BPP_750_50_0.1_0.8_5.txt
BPP_200_750_0.2_0.8_2.txt
BPP_1000_200_0.1_0.7_4.txt
BPP_1000_125_0.1_0.7_7.txt
BPP_400_200_0.1_0.8_6.txt
BPP_50_500_0.2_0.8_3.txt
BPP_50_150_0.2_0.8_8.txt
801_40000_DI_23.txt
BPP_750_500_0.1_0.8_2.txt
BPP_100_400_0.2_0.7_5.txt
BPP_500_125_0.1_0.7_3.txt
BPP_400_750_0.2_0.7_6.txt
BPP_500_1000_0.1_0.7_7.txt
BPP_100_500_0.1_0.8_8.txt
BPP_400_400_0.1_0.8_6.txt
BPP_100_300_0.2_0.8_6.txt
csBA500_6.txt
BPP_500_300_0.1_0.8_4.txt
BPP_100_75_0.1_0.7_4.txt
BPP_400_400_0.1_0.7_6.txt
BPP_500_50_0.2_0.8_5.txt
BPP_100_100_0.2_0.7_4.txt
BPP_400_150_0.2_0.7_3.txt
BPP_50_750_0.2_0.8_2.txt
csAA250_19.txt
BPP_750_75_0.2_0.8_7.txt
BPP_750_125_0.2_0.7_7.txt
BPP_100_300_0.1_0.7_9.txt
BPP_300_100_0.1_0.7_5.txt
BPP_500_300_0.1_0.8_5.txt
BPP_1000_75_0.1_0.8_7.txt
BPP_1000_200_0.2_0.7_9.txt
BPP_1000_120_0.1_0.7_5.txt
BPP_100_750_0.1_0.7_3.txt
csAA250_20.txt
BPP_50_300_0.2_0.8_9.txt
BPP_200_500_0.2_0.7_8.txt
BPP_750_50_0.1_0.7_7.txt
BPP_300_150_0.1_0.8_2.txt
BPP_300_300_0.1_0.8_1.txt
801_40000_DI_19.txt
BPP_50_400_0.2_0.7_3.txt
201_2500_DI_42.txt
BPP_500_300_0.1_0.7_1.txt
201_2500_DI_49.txt
1002_80000_NR_43.txt
BPP_1000_1000_0.2_0.7_8.txt
BPP_50_75_0.1_0.8_8.txt
BPP_200_1000_0.2_0.8_7.txt
BPP_750_125_0.2_0.7_0.txt
BPP_200_100_0.2_0.7_3.txt
BPP_500_75_0.2_0.8_6.txt
BPP_400_500_0.1_0.7_6.txt
BPP_200_500_0.2_0.7_4.txt
BPP_300_750_0.2_0.8_7.txt
BPP_50_150_0.2_0.8_9.txt
BPP_50_125_0.1_0.8_0.txt
BPP_200_200_0.1_0.8_0.txt
BPP_300_750_0.2_0.8_5.txt
BPP_200_300_0.1_0.8_6.txt
801_40000_DI_21.txt
csAA500_15.txt
201_2500_DI_30.txt
csAB125_1.txt
csAA125_10.txt
csBB125_19.txt
csBA250_10.txt
BPP_1000_1000_0.1_0.7_2.txt
BPP_500_150_0.2_0.8_6.txt
BPP_400_125_0.2_0.7_6.txt
600_20000_DI_43.txt
csBA250_5.txt
BPP_500_500_0.2_0.8_9.txt
BPP_100_100_0.1_0.8_6.txt
BPP_300_120_0.1_0.7_2.txt
BPP_400_125_0.2_0.8_8.txt
BPP_400_300_0.1_0.8_7.txt
BPP_400_100_0.2_0.8_6.txt
BPP_50_400_0.2_0.7_9.txt
csBB250_11.txt
csAB250_6.txt
BPP_750_1000_0.2_0.7_8.txt
BPP_300_1000_0.1_0.8_1.txt
BPP_300_400_0.1_0.7_5.txt
csAB250_1.txt
BPP_1000_300_0.1_0.7_5.txt
BPP_750_120_0.1_0.7_9.txt
BPP_1000_120_0.2_0.7_4.txt
BPP_400_100_0.1_0.7_2.txt
BPP_300_750_0.1_0.8_3.txt
BPP_50_50_0.1_0.7_3.txt
BPP_100_50_0.1_0.8_5.txt
BPP_750_75_0.2_0.7_3.txt
BPP_300_50_0.2_0.8_5.txt
csAB250_10.txt
BPP_400_300_0.2_0.7_2.txt
BPP_50_750_0.1_0.8_4.txt
BPP_400_400_0.2_0.8_8.txt
BPP_100_300_0.2_0.7_2.txt
801_40000_DI_13.txt
BPP_400_750_0.2_0.7_4.txt
BPP_200_75_0.2_0.8_2.txt
BPP_750_75_0.2_0.7_2.txt
BPP_500_100_0.1_0.7_0.txt
BPP_400_150_0.1_0.7_2.txt
1002_80000_NR_5.txt
BPP_400_400_0.1_0.7_5.txt
402_10000_DI_41.txt
BPP_400_750_0.1_0.7_2.txt
BPP_300_100_0.2_0.8_6.txt
BPP_50_150_0.1_0.7_5.txt
402_10000_NR_46.txt
BPP_300_400_0.1_0.7_3.txt
BPP_500_75_0.1_0.8_1.txt
BPP_500_75_0.2_0.7_1.txt
BPP_100_200_0.2_0.8_2.txt
BPP_100_120_0.1_0.7_6.txt
BPP_500_150_0.2_0.7_3.txt
201_2500_NR_49.txt
201_2500_NR_5.txt
BPP_300_1000_0.2_0.7_2.txt
BPP_100_500_0.1_0.7_6.txt
201_2500_NR_3.txt
BPP_750_400_0.1_0.8_6.txt
csAB500_16.txt
BPP_500_750_0.1_0.7_1.txt
csAA250_4.txt
BPP_400_1000_0.2_0.7_7.txt
BPP_750_200_0.1_0.8_6.txt
csBA250_14.txt
csBA250_3.txt
csBB125_12.txt
csBA125_16.txt
csAA125_4.txt
801_40000_NR_46.txt
BPP_1000_1000_0.1_0.8_5.txt
BPP_500_50_0.1_0.7_8.txt
BPP_400_300_0.2_0.8_2.txt
BPP_400_500_0.1_0.8_2.txt
BPP_100_1000_0.1_0.8_6.txt
BPP_400_1000_0.2_0.8_4.txt
1002_80000_DI_41.txt
BPP_500_400_0.2_0.8_5.txt
BPP_500_120_0.2_0.7_9.txt
BPP_400_200_0.1_0.7_2.txt
BPP_200_200_0.1_0.8_1.txt
BPP_1000_50_0.1_0.8_5.txt
BPP_500_100_0.2_0.8_7.txt
BPP_100_400_0.2_0.8_8.txt
BPP_750_100_0.1_0.7_9.txt
BPP_50_1000_0.1_0.7_6.txt
600_20000_NR_38.txt
BPP_200_500_0.2_0.8_9.txt
csAA500_8.txt
BPP_1000_120_0.1_0.7_6.txt
402_10000_DI_20.txt
BPP_300_1000_0.1_0.8_5.txt
csAA250_10.txt
csAA125_9.txt
csBB125_1.txt
BPP_500_500_0.1_0.7_3.txt
600_20000_NR_40.txt
402_10000_DI_43.txt
201_2500_NR_26.txt
csAB250_8.txt
201_2500_NR_21.txt
csBA125_15.txt
BPP_400_1000_0.1_0.8_3.txt
BPP_500_500_0.1_0.8_1.txt
BPP_1000_400_0.1_0.8_8.txt
BPP_100_300_0.2_0.7_1.txt
600_20000_DI_39.txt
BPP_750_150_0.2_0.8_6.txt
BPP_1000_75_0.1_0.7_1.txt
BPP_1000_125_0.2_0.7_2.txt
BPP_100_300_0.2_0.8_1.txt
BPP_1000_150_0.1_0.7_3.txt
BPP_1000_150_0.2_0.7_7.txt
BPP_750_150_0.1_0.7_4.txt
BPP_300_100_0.2_0.8_7.txt
BPP_400_1000_0.2_0.8_5.txt
BPP_50_1000_0.2_0.8_3.txt
BPP_200_300_0.1_0.7_2.txt
BPP_1000_120_0.2_0.8_6.txt
BPP_300_200_0.2_0.7_0.txt
402_10000_DI_0.txt
BPP_750_50_0.2_0.7_1.txt
BPP_400_75_0.2_0.8_0.txt
BPP_500_120_0.2_0.8_2.txt
BPP_750_150_0.1_0.7_5.txt
BPP_200_120_0.2_0.7_6.txt
BPP_400_150_0.2_0.8_0.txt
BPP_500_50_0.2_0.7_0.txt
BPP_400_50_0.1_0.8_9.txt
BPP_200_400_0.2_0.7_0.txt
BPP_300_750_0.2_0.8_4.txt
csAA500_2.txt
BPP_750_750_0.2_0.7_4.txt
csBA250_16.txt
csBA125_13.txt
BPP_750_750_0.1_0.8_6.txt
csAA250_13.txt
BPP_500_400_0.1_0.7_8.txt
801_40000_NR_11.txt
BPP_500_300_0.2_0.8_6.txt
BPP_400_50_0.1_0.8_2.txt
BPP_200_750_0.1_0.7_9.txt
BPP_500_750_0.1_0.8_1.txt
BPP_300_300_0.1_0.8_7.txt
BPP_750_100_0.2_0.7_5.txt
BPP_50_1000_0.1_0.8_3.txt
801_40000_DI_45.txt
BPP_1000_500_0.1_0.8_3.txt
BPP_50_150_0.2_0.8_1.txt
BPP_50_125_0.1_0.7_4.txt
402_10000_DI_40.txt
BPP_750_500_0.1_0.8_4.txt
BPP_1000_120_0.2_0.7_5.txt
BPP_50_75_0.1_0.8_7.txt
BPP_750_75_0.1_0.7_0.txt
BPP_300_75_0.1_0.8_0.txt
BPP_500_200_0.1_0.8_4.txt
BPP_100_75_0.1_0.7_0.txt
BPP_200_50_0.1_0.8_8.txt
BPP_400_100_0.2_0.8_5.txt
BPP_750_125_0.1_0.7_8.txt
BPP_500_500_0.2_0.8_2.txt
BPP_500_125_0.2_0.8_0.txt
BPP_50_120_0.1_0.7_1.txt
BPP_500_75_0.1_0.7_9.txt
csAB500_1.txt
BPP_400_750_0.2_0.8_8.txt
BPP_50_150_0.2_0.7_4.txt
BPP_300_75_0.2_0.7_7.txt
BPP_50_75_0.1_0.7_7.txt
BPP_500_75_0.2_0.7_6.txt
BPP_300_300_0.2_0.8_8.txt
csAB125_14.txt
BPP_750_100_0.1_0.8_7.txt
801_40000_NR_38.txt
BPP_750_500_0.2_0.7_5.txt
BPP_300_120_0.1_0.7_0.txt
BPP_100_75_0.2_0.7_5.txt
csBA250_12.txt
BPP_500_300_0.2_0.8_2.txt
BPP_300_125_0.2_0.8_2.txt
BPP_200_500_0.2_0.7_9.txt
BPP_1000_50_0.1_0.7_4.txt
BPP_500_125_0.1_0.8_2.txt
BPP_1000_50_0.1_0.8_0.txt
BPP_500_500_0.2_0.7_1.txt
BPP_500_300_0.2_0.8_4.txt
402_10000_NR_15.txt
BPP_500_750_0.1_0.8_7.txt
402_10000_NR_33.txt
201_2500_NR_4.txt
201_2500_NR_6.txt
BPP_1000_500_0.1_0.8_1.txt
BPP_400_75_0.1_0.7_4.txt
BPP_200_50_0.1_0.7_6.txt
BPP_100_750_0.2_0.8_5.txt
BPP_300_300_0.1_0.8_0.txt
BPP_300_75_0.1_0.8_9.txt
BPP_100_400_0.1_0.7_0.txt
BPP_100_120_0.1_0.7_1.txt
BPP_100_125_0.2_0.8_0.txt
BPP_500_150_0.1_0.7_9.txt
BPP_750_100_0.1_0.7_1.txt
BPP_50_100_0.2_0.8_4.txt
BPP_500_50_0.1_0.8_9.txt
BPP_100_1000_0.1_0.7_3.txt
BPP_750_50_0.2_0.7_2.txt
BPP_750_300_0.1_0.8_9.txt
BPP_1000_120_0.2_0.8_9.txt
BPP_100_50_0.1_0.7_7.txt
BPP_750_100_0.2_0.7_7.txt
BPP_100_500_0.1_0.8_9.txt
BPP_200_300_0.1_0.7_9.txt
BPP_1000_1000_0.2_0.8_9.txt
BPP_750_75_0.2_0.8_5.txt
BPP_200_100_0.2_0.8_1.txt
BPP_100_120_0.1_0.7_0.txt
BPP_500_200_0.1_0.8_5.txt
BPP_1000_300_0.2_0.7_8.txt
BPP_50_1000_0.2_0.8_4.txt
BPP_200_400_0.2_0.7_4.txt
BPP_100_75_0.2_0.8_4.txt
BPP_50_75_0.2_0.8_8.txt
BPP_400_50_0.1_0.7_3.txt
BPP_750_125_0.1_0.8_4.txt
BPP_750_120_0.1_0.8_1.txt
BPP_200_120_0.2_0.7_4.txt
BPP_300_75_0.1_0.8_1.txt
BPP_200_400_0.1_0.7_9.txt
BPP_1000_300_0.1_0.8_7.txt
BPP_1000_50_0.2_0.7_6.txt
BPP_100_750_0.2_0.8_6.txt
BPP_500_125_0.1_0.8_0.txt
BPP_100_400_0.2_0.8_5.txt
BPP_500_200_0.1_0.8_2.txt
BPP_200_120_0.2_0.7_5.txt
BPP_1000_100_0.2_0.7_1.txt
BPP_200_200_0.1_0.7_4.txt
BPP_1000_300_0.1_0.7_1.txt
BPP_50_100_0.1_0.8_5.txt
1002_80000_DI_19.txt
BPP_750_1000_0.1_0.7_2.txt
BPP_100_400_0.1_0.7_4.txt
BPP_300_50_0.2_0.8_4.txt
BPP_200_100_0.1_0.7_9.txt
BPP_200_125_0.1_0.8_3.txt
BPP_100_750_0.1_0.8_6.txt
BPP_400_500_0.1_0.7_8.txt
BPP_100_1000_0.2_0.7_2.txt
BPP_750_50_0.1_0.7_6.txt
BPP_200_100_0.1_0.7_5.txt
BPP_750_125_0.2_0.7_9.txt
BPP_400_300_0.1_0.8_1.txt
BPP_200_125_0.1_0.7_3.txt
BPP_750_500_0.2_0.8_3.txt
BPP_300_300_0.2_0.7_9.txt
BPP_50_50_0.2_0.8_0.txt
BPP_200_500_0.2_0.7_6.txt
BPP_400_120_0.1_0.8_9.txt
BPP_500_50_0.2_0.7_5.txt
BPP_500_150_0.1_0.8_8.txt
BPP_400_120_0.1_0.7_5.txt
BPP_200_750_0.1_0.7_8.txt
BPP_100_75_0.1_0.7_2.txt
801_40000_DI_4.txt
BPP_750_400_0.1_0.7_1.txt
BPP_400_75_0.1_0.7_9.txt
BPP_300_400_0.2_0.8_9.txt
BPP_50_120_0.2_0.8_8.txt
BPP_300_200_0.2_0.7_8.txt
BPP_50_400_0.2_0.8_2.txt
BPP_200_500_0.1_0.7_3.txt
BPP_200_120_0.1_0.7_3.txt
BPP_50_75_0.2_0.7_2.txt
BPP_750_500_0.1_0.8_5.txt
BPP_400_150_0.1_0.8_7.txt
BPP_400_400_0.2_0.8_2.txt
BPP_50_50_0.2_0.8_3.txt
1002_80000_NR_14.txt
BPP_500_750_0.2_0.8_3.txt
BPP_50_1000_0.1_0.7_3.txt
201_2500_NR_17.txt
BPP_750_300_0.2_0.7_8.txt
BPP_200_120_0.2_0.7_8.txt
402_10000_NR_48.txt
201_2500_NR_39.txt
801_40000_DI_37.txt
BPP_1000_1000_0.1_0.7_8.txt
BPP_100_200_0.2_0.7_4.txt
BPP_1000_500_0.1_0.7_4.txt
600_20000_DI_33.txt
BPP_750_750_0.2_0.7_1.txt
BPP_200_125_0.2_0.8_4.txt
BPP_500_400_0.1_0.8_3.txt
BPP_1000_75_0.2_0.8_4.txt
801_40000_NR_34.txt
BPP_1000_1000_0.2_0.7_4.txt
BPP_50_200_0.1_0.7_7.txt
BPP_50_100_0.2_0.8_6.txt
BPP_500_500_0.2_0.8_0.txt
BPP_400_200_0.2_0.7_5.txt
BPP_200_50_0.1_0.7_1.txt
BPP_100_400_0.1_0.8_8.txt
BPP_1000_750_0.2_0.7_1.txt
BPP_750_300_0.2_0.7_3.txt
600_20000_NR_11.txt
201_2500_NR_36.txt
BPP_750_500_0.2_0.7_6.txt
BPP_1000_400_0.2_0.7_7.txt
BPP_100_150_0.1_0.8_8.txt
BPP_200_120_0.1_0.8_7.txt
BPP_200_200_0.1_0.7_2.txt
BPP_500_120_0.1_0.7_1.txt
BPP_500_50_0.1_0.8_1.txt
BPP_100_500_0.1_0.7_7.txt
BPP_100_200_0.2_0.8_5.txt
600_20000_NR_41.txt
BPP_750_1000_0.1_0.8_1.txt
BPP_300_120_0.1_0.7_7.txt
BPP_750_1000_0.1_0.8_9.txt
BPP_300_75_0.1_0.8_3.txt
BPP_100_300_0.1_0.7_2.txt
BPP_300_50_0.1_0.7_6.txt
600_20000_NR_16.txt
BPP_200_200_0.1_0.7_3.txt
BPP_1000_125_0.1_0.8_8.txt
201_2500_NR_35.txt
BPP_1000_300_0.2_0.7_0.txt
BPP_200_300_0.2_0.7_7.txt
BPP_200_500_0.2_0.7_5.txt
BPP_500_750_0.1_0.7_6.txt
BPP_1000_300_0.2_0.7_3.txt
BPP_300_200_0.2_0.8_1.txt
BPP_300_100_0.2_0.7_1.txt
BPP_750_150_0.2_0.8_1.txt
BPP_200_50_0.2_0.7_8.txt
BPP_750_150_0.1_0.7_6.txt
BPP_200_100_0.1_0.8_0.txt
BPP_400_750_0.1_0.8_6.txt
BPP_750_50_0.2_0.7_0.txt
BPP_500_400_0.1_0.7_4.txt
BPP_200_75_0.2_0.7_7.txt
BPP_100_1000_0.2_0.8_5.txt
BPP_500_150_0.2_0.8_3.txt
BPP_500_200_0.1_0.7_2.txt
BPP_500_75_0.1_0.8_8.txt
BPP_100_400_0.2_0.7_0.txt
BPP_500_125_0.2_0.8_7.txt
BPP_100_125_0.1_0.8_0.txt
BPP_50_100_0.1_0.7_0.txt
BPP_50_120_0.2_0.8_5.txt
BPP_1000_125_0.2_0.8_0.txt
BPP_500_100_0.1_0.8_0.txt
BPP_50_300_0.2_0.7_2.txt
BPP_300_120_0.2_0.8_4.txt
BPP_100_200_0.1_0.7_1.txt
BPP_200_120_0.2_0.8_2.txt
BPP_100_50_0.1_0.8_0.txt
BPP_200_400_0.1_0.8_8.txt
BPP_300_75_0.1_0.8_5.txt
BPP_750_150_0.2_0.7_7.txt
BPP_750_120_0.1_0.7_2.txt
BPP_50_100_0.1_0.8_0.txt
1002_80000_DI_5.txt
BPP_750_1000_0.1_0.7_9.txt
BPP_500_100_0.1_0.7_6.txt
BPP_400_750_0.1_0.8_3.txt
BPP_500_750_0.1_0.7_8.txt
BPP_300_125_0.2_0.7_5.txt
BPP_300_120_0.1_0.7_6.txt
BPP_100_200_0.2_0.7_8.txt
BPP_500_1000_0.1_0.7_4.txt
BPP_1000_120_0.1_0.8_3.txt
BPP_300_200_0.1_0.8_7.txt
BPP_300_300_0.2_0.7_1.txt
BPP_50_400_0.2_0.7_0.txt
1002_80000_NR_20.txt
BPP_300_750_0.2_0.7_6.txt
801_40000_DI_30.txt
402_10000_NR_36.txt
201_2500_NR_8.txt
BPP_1000_1000_0.2_0.8_1.txt
BPP_50_300_0.2_0.7_6.txt
BPP_200_50_0.2_0.8_0.txt
BPP_500_500_0.2_0.7_6.txt
BPP_500_150_0.2_0.8_9.txt
600_20000_DI_7.txt
BPP_500_300_0.2_0.7_6.txt
BPP_500_75_0.2_0.8_4.txt
402_10000_NR_41.txt
BPP_200_500_0.1_0.8_3.txt
BPP_1000_120_0.1_0.7_4.txt
BPP_100_50_0.2_0.8_5.txt
BPP_300_75_0.1_0.7_3.txt
BPP_400_100_0.2_0.7_6.txt
BPP_1000_120_0.2_0.8_2.txt
BPP_750_500_0.2_0.7_1.txt
BPP_500_50_0.1_0.7_2.txt
BPP_750_125_0.2_0.7_1.txt
BPP_400_50_0.2_0.8_8.txt
BPP_750_300_0.2_0.7_0.txt
BPP_300_500_0.1_0.8_4.txt
BPP_200_400_0.2_0.7_9.txt
BPP_750_75_0.1_0.7_1.txt
BPP_100_200_0.1_0.8_0.txt
BPP_100_125_0.1_0.8_6.txt
BPP_400_500_0.2_0.8_0.txt
BPP_100_200_0.1_0.7_4.txt
BPP_100_200_0.1_0.8_8.txt
BPP_750_200_0.1_0.7_0.txt
BPP_1000_200_0.2_0.7_8.txt
BPP_100_100_0.1_0.7_7.txt
BPP_1000_300_0.2_0.7_1.txt
600_20000_NR_25.txt
BPP_400_1000_0.2_0.7_9.txt
BPP_1000_500_0.1_0.8_5.txt
BPP_500_300_0.2_0.8_5.txt
BPP_50_750_0.1_0.7_8.txt
BPP_1000_50_0.1_0.8_8.txt
BPP_50_750_0.1_0.7_9.txt
BPP_400_50_0.1_0.7_2.txt
BPP_300_300_0.2_0.8_4.txt
BPP_100_200_0.1_0.7_5.txt
BPP_200_150_0.2_0.8_5.txt
BPP_750_125_0.2_0.7_8.txt
BPP_100_125_0.1_0.8_2.txt
BPP_500_1000_0.2_0.7_5.txt
BPP_500_1000_0.2_0.7_1.txt
BPP_1000_120_0.2_0.8_0.txt
BPP_300_120_0.2_0.7_4.txt
BPP_300_150_0.2_0.7_0.txt
BPP_750_150_0.2_0.8_4.txt
BPP_500_1000_0.2_0.7_3.txt
BPP_400_750_0.1_0.7_1.txt
BPP_750_300_0.1_0.8_3.txt
BPP_50_300_0.1_0.7_2.txt
BPP_1000_400_0.1_0.7_1.txt
BPP_100_500_0.2_0.8_2.txt
BPP_1000_50_0.2_0.8_0.txt
BPP_50_75_0.1_0.7_1.txt
BPP_50_750_0.2_0.7_9.txt
BPP_50_750_0.1_0.7_0.txt
BPP_300_500_0.1_0.7_5.txt
BPP_50_750_0.1_0.8_8.txt
BPP_750_500_0.1_0.7_2.txt
BPP_300_50_0.2_0.8_9.txt
BPP_1000_100_0.2_0.8_7.txt
BPP_400_400_0.2_0.7_3.txt
BPP_200_75_0.1_0.8_9.txt
BPP_50_50_0.2_0.8_7.txt
BPP_500_1000_0.2_0.8_0.txt
BPP_100_120_0.2_0.8_4.txt
BPP_400_200_0.2_0.8_3.txt
BPP_750_100_0.2_0.8_0.txt
BPP_400_100_0.1_0.8_8.txt
BPP_100_200_0.2_0.8_8.txt
BPP_100_120_0.2_0.8_0.txt
BPP_100_400_0.2_0.8_9.txt
BPP_200_300_0.1_0.8_1.txt
BPP_750_200_0.1_0.7_7.txt
BPP_500_125_0.2_0.7_5.txt
BPP_400_1000_0.2_0.8_7.txt
BPP_200_125_0.2_0.8_2.txt
BPP_50_1000_0.2_0.8_7.txt
BPP_100_150_0.1_0.8_1.txt
BPP_300_500_0.2_0.8_6.txt
BPP_750_500_0.2_0.7_9.txt
BPP_1000_400_0.2_0.7_1.txt
BPP_50_400_0.1_0.8_7.txt
BPP_1000_100_0.2_0.7_2.txt
1002_80000_DI_35.txt
BPP_500_400_0.2_0.8_7.txt
BPP_200_50_0.1_0.7_0.txt
BPP_300_750_0.1_0.8_1.txt
BPP_50_120_0.1_0.7_6.txt
BPP_1000_75_0.1_0.7_2.txt
BPP_500_125_0.2_0.8_4.txt
BPP_1000_125_0.2_0.8_9.txt
BPP_50_75_0.2_0.7_6.txt
BPP_1000_50_0.1_0.7_2.txt
BPP_400_200_0.2_0.7_3.txt
BPP_400_750_0.2_0.8_2.txt
BPP_200_100_0.2_0.7_6.txt
BPP_300_1000_0.1_0.7_5.txt
1002_80000_NR_22.txt
BPP_750_1000_0.1_0.8_5.txt
BPP_50_125_0.1_0.8_3.txt
BPP_300_120_0.2_0.8_6.txt
BPP_50_200_0.2_0.7_0.txt
BPP_50_500_0.1_0.8_6.txt
BPP_400_75_0.2_0.7_7.txt
BPP_750_200_0.2_0.8_5.txt
BPP_300_400_0.2_0.8_0.txt
BPP_50_50_0.1_0.7_2.txt
BPP_200_500_0.1_0.8_7.txt
BPP_300_500_0.2_0.7_1.txt
BPP_200_75_0.1_0.8_6.txt
801_40000_DI_24.txt
BPP_750_1000_0.1_0.7_4.txt
BPP_100_100_0.1_0.7_4.txt
BPP_100_750_0.1_0.7_2.txt
BPP_400_200_0.2_0.7_9.txt
BPP_750_500_0.1_0.7_3.txt
BPP_500_200_0.2_0.8_4.txt
BPP_500_300_0.1_0.7_2.txt
600_20000_DI_24.txt
BPP_1000_150_0.1_0.7_2.txt
BPP_400_75_0.2_0.8_4.txt
BPP_100_1000_0.2_0.7_7.txt
BPP_750_500_0.2_0.8_0.txt
BPP_200_120_0.1_0.7_1.txt
BPP_50_75_0.2_0.8_5.txt
BPP_100_75_0.2_0.8_7.txt
BPP_400_75_0.2_0.7_5.txt
BPP_50_125_0.2_0.7_1.txt
BPP_400_300_0.1_0.8_4.txt
BPP_500_150_0.1_0.7_7.txt
BPP_300_150_0.1_0.7_1.txt
BPP_300_500_0.2_0.7_9.txt
BPP_300_100_0.2_0.7_6.txt
BPP_300_750_0.1_0.7_5.txt
BPP_500_75_0.2_0.7_2.txt
BPP_100_400_0.1_0.8_5.txt
BPP_300_300_0.2_0.7_0.txt
BPP_500_100_0.1_0.8_8.txt
BPP_500_500_0.1_0.8_0.txt
BPP_500_125_0.1_0.7_0.txt
BPP_400_50_0.2_0.7_4.txt
BPP_500_150_0.1_0.8_0.txt
BPP_400_500_0.2_0.7_8.txt
BPP_300_200_0.1_0.7_5.txt
BPP_400_75_0.2_0.8_8.txt
BPP_200_150_0.1_0.8_3.txt
BPP_500_75_0.1_0.7_3.txt
BPP_50_300_0.1_0.8_0.txt
BPP_500_750_0.2_0.7_2.txt
BPP_500_125_0.1_0.7_4.txt
BPP_400_200_0.1_0.8_8.txt
BPP_400_750_0.1_0.7_0.txt
BPP_1000_100_0.2_0.8_0.txt
BPP_1000_400_0.2_0.7_2.txt
1002_80000_NR_13.txt
BPP_400_500_0.2_0.8_2.txt
BPP_1000_50_0.1_0.7_6.txt
BPP_50_1000_0.1_0.7_5.txt
BPP_200_150_0.1_0.8_8.txt
BPP_300_125_0.2_0.7_2.txt
BPP_1000_300_0.2_0.8_9.txt
BPP_300_50_0.2_0.7_7.txt
801_40000_DI_16.txt
BPP_500_500_0.1_0.7_1.txt
BPP_750_120_0.1_0.7_0.txt
BPP_400_500_0.1_0.7_4.txt
BPP_300_75_0.1_0.7_8.txt
BPP_1000_100_0.2_0.7_4.txt
BPP_100_750_0.1_0.8_8.txt
BPP_300_500_0.1_0.7_8.txt
BPP_100_1000_0.1_0.8_1.txt
BPP_400_300_0.1_0.7_9.txt
BPP_50_100_0.1_0.8_3.txt
BPP_100_75_0.2_0.8_1.txt
BPP_500_1000_0.1_0.7_0.txt
BPP_500_100_0.1_0.8_9.txt
BPP_100_150_0.2_0.7_7.txt
BPP_750_120_0.1_0.7_6.txt
BPP_750_125_0.1_0.8_7.txt
BPP_400_400_0.2_0.8_3.txt
BPP_1000_75_0.2_0.8_2.txt
BPP_100_300_0.2_0.7_6.txt
BPP_300_50_0.2_0.8_0.txt
BPP_300_500_0.2_0.8_5.txt
BPP_1000_50_0.2_0.8_3.txt
BPP_200_125_0.2_0.8_5.txt
BPP_200_150_0.2_0.8_8.txt
BPP_100_200_0.2_0.8_9.txt
BPP_500_120_0.1_0.7_6.txt
BPP_400_1000_0.2_0.7_5.txt
BPP_500_500_0.1_0.8_4.txt
BPP_100_150_0.2_0.7_8.txt
BPP_100_100_0.1_0.8_0.txt
BPP_1000_50_0.2_0.8_9.txt
BPP_500_100_0.2_0.8_2.txt
801_40000_NR_7.txt
BPP_1000_400_0.1_0.7_9.txt
BPP_50_75_0.2_0.7_5.txt
BPP_400_150_0.1_0.7_3.txt
BPP_50_150_0.1_0.8_4.txt
BPP_1000_400_0.1_0.7_3.txt
BPP_400_300_0.2_0.7_7.txt
BPP_50_50_0.2_0.7_2.txt
BPP_500_100_0.1_0.8_7.txt
BPP_300_75_0.2_0.8_8.txt
BPP_1000_50_0.2_0.8_1.txt
BPP_400_120_0.2_0.7_8.txt
BPP_200_300_0.2_0.7_2.txt
BPP_100_750_0.2_0.7_5.txt
BPP_500_120_0.2_0.7_0.txt
BPP_500_200_0.1_0.8_9.txt
BPP_750_200_0.2_0.7_4.txt
BPP_1000_100_0.2_0.7_0.txt
BPP_50_100_0.2_0.8_3.txt
BPP_100_125_0.2_0.7_5.txt
BPP_200_125_0.1_0.7_8.txt
BPP_200_300_0.2_0.7_6.txt
BPP_100_300_0.1_0.8_4.txt
BPP_50_50_0.2_0.7_5.txt
BPP_300_750_0.2_0.7_9.txt
BPP_1000_75_0.2_0.7_5.txt
BPP_100_1000_0.1_0.7_0.txt
BPP_1000_50_0.2_0.8_6.txt
BPP_1000_120_0.2_0.7_6.txt
BPP_500_400_0.1_0.8_4.txt
BPP_50_400_0.1_0.7_2.txt
BPP_1000_75_0.2_0.7_3.txt
BPP_750_750_0.1_0.8_0.txt
BPP_300_150_0.1_0.7_5.txt
BPP_500_400_0.2_0.7_5.txt
BPP_1000_300_0.1_0.7_2.txt
BPP_100_100_0.1_0.8_3.txt
BPP_750_150_0.1_0.8_9.txt
BPP_1000_125_0.1_0.8_1.txt
BPP_750_300_0.2_0.8_9.txt
BPP_100_125_0.1_0.8_4.txt
BPP_100_400_0.1_0.8_0.txt
BPP_50_50_0.1_0.7_0.txt
BPP_1000_300_0.1_0.7_8.txt
BPP_500_75_0.2_0.7_9.txt
BPP_1000_200_0.2_0.7_3.txt
BPP_750_300_0.2_0.8_6.txt
BPP_50_750_0.1_0.7_6.txt
BPP_400_75_0.1_0.8_0.txt
1002_80000_DI_34.txt
BPP_500_400_0.1_0.7_3.txt
BPP_400_400_0.2_0.7_4.txt
BPP_50_125_0.2_0.7_7.txt
BPP_200_100_0.1_0.7_3.txt
BPP_500_200_0.2_0.7_6.txt
BPP_300_750_0.1_0.7_1.txt
801_40000_NR_24.txt
BPP_750_75_0.1_0.7_2.txt
BPP_500_750_0.1_0.7_5.txt
BPP_750_400_0.2_0.7_7.txt
BPP_200_120_0.2_0.7_9.txt
BPP_750_120_0.2_0.7_0.txt
BPP_100_300_0.1_0.7_4.txt
BPP_100_200_0.1_0.8_1.txt
BPP_200_50_0.2_0.8_3.txt
BPP_400_400_0.2_0.7_6.txt
BPP_750_400_0.1_0.8_5.txt
BPP_500_150_0.1_0.8_7.txt
BPP_750_120_0.2_0.7_7.txt
BPP_500_400_0.2_0.7_6.txt
BPP_300_75_0.1_0.7_5.txt
BPP_300_100_0.1_0.7_9.txt
BPP_50_500_0.2_0.7_1.txt
BPP_400_125_0.1_0.8_2.txt
BPP_50_100_0.1_0.7_3.txt
BPP_100_500_0.2_0.8_6.txt
BPP_1000_150_0.1_0.7_4.txt
BPP_200_120_0.1_0.7_7.txt
BPP_200_750_0.2_0.7_0.txt
801_40000_DI_25.txt
BPP_1000_750_0.1_0.7_1.txt
BPP_200_125_0.2_0.7_2.txt
BPP_400_50_0.1_0.7_6.txt
BPP_500_150_0.2_0.7_6.txt
BPP_50_400_0.1_0.8_2.txt
BPP_50_150_0.2_0.8_7.txt
BPP_750_100_0.2_0.8_3.txt
BPP_50_125_0.1_0.7_9.txt
BPP_200_300_0.2_0.8_1.txt
BPP_200_1000_0.1_0.7_2.txt
BPP_1000_300_0.2_0.8_7.txt
BPP_400_75_0.2_0.8_6.txt
600_20000_DI_47.txt
BPP_300_125_0.1_0.7_1.txt
BPP_100_150_0.1_0.8_6.txt
BPP_300_400_0.1_0.8_6.txt
BPP_500_120_0.2_0.7_6.txt
BPP_300_125_0.2_0.8_8.txt
BPP_400_750_0.1_0.7_8.txt
BPP_500_50_0.1_0.8_4.txt
BPP_50_1000_0.1_0.8_5.txt
BPP_400_125_0.1_0.8_7.txt
BPP_1000_150_0.2_0.7_0.txt
BPP_400_500_0.1_0.8_7.txt
BPP_50_500_0.1_0.7_5.txt
BPP_300_300_0.1_0.8_8.txt
BPP_200_100_0.2_0.7_2.txt
BPP_100_125_0.1_0.8_9.txt
BPP_200_300_0.1_0.8_5.txt
BPP_400_500_0.2_0.8_1.txt
BPP_750_125_0.2_0.8_5.txt
BPP_200_200_0.2_0.7_1.txt
BPP_200_750_0.1_0.7_7.txt
BPP_500_100_0.2_0.8_0.txt
BPP_750_120_0.2_0.7_9.txt
BPP_300_300_0.2_0.8_6.txt
BPP_400_300_0.1_0.8_3.txt
BPP_100_150_0.2_0.8_3.txt
BPP_400_1000_0.1_0.8_0.txt
BPP_1000_400_0.1_0.7_7.txt
BPP_300_400_0.1_0.7_1.txt
BPP_400_100_0.1_0.7_3.txt
BPP_1000_200_0.2_0.7_4.txt
BPP_1000_75_0.1_0.8_2.txt
BPP_500_500_0.2_0.8_3.txt
BPP_300_75_0.2_0.7_9.txt
BPP_50_120_0.2_0.7_4.txt
BPP_300_75_0.1_0.8_2.txt
BPP_400_100_0.1_0.7_7.txt
BPP_400_400_0.1_0.8_2.txt
BPP_400_300_0.1_0.7_5.txt
BPP_50_120_0.2_0.7_0.txt
BPP_1000_50_0.2_0.7_8.txt
BPP_200_100_0.2_0.8_5.txt
BPP_200_1000_0.1_0.8_5.txt
BPP_300_75_0.2_0.8_1.txt
BPP_1000_100_0.2_0.7_7.txt
BPP_50_1000_0.2_0.8_5.txt
801_40000_DI_8.txt
BPP_50_150_0.1_0.7_3.txt
BPP_200_125_0.2_0.7_8.txt
201_2500_DI_36.txt
BPP_400_300_0.1_0.8_0.txt
201_2500_DI_34.txt
BPP_1000_400_0.1_0.8_2.txt
BPP_750_125_0.1_0.7_0.txt
BPP_400_125_0.1_0.8_3.txt
BPP_200_120_0.1_0.7_9.txt
BPP_50_500_0.1_0.8_8.txt
BPP_400_75_0.1_0.7_3.txt
402_10000_DI_4.txt
BPP_500_150_0.2_0.7_9.txt
BPP_200_400_0.2_0.7_3.txt
BPP_100_150_0.2_0.8_6.txt
BPP_750_150_0.1_0.8_1.txt
BPP_750_150_0.1_0.7_1.txt
1002_80000_NR_4.txt
BPP_750_300_0.2_0.8_3.txt
BPP_200_1000_0.2_0.8_9.txt
BPP_750_300_0.2_0.8_7.txt
BPP_1000_125_0.2_0.7_0.txt
BPP_200_125_0.1_0.8_0.txt
BPP_500_200_0.1_0.7_7.txt
402_10000_DI_3.txt
BPP_200_200_0.2_0.7_2.txt
BPP_1000_150_0.1_0.8_6.txt
BPP_1000_750_0.2_0.8_1.txt
BPP_1000_125_0.1_0.7_5.txt
BPP_200_750_0.2_0.7_4.txt
BPP_1000_750_0.1_0.7_5.txt
BPP_750_500_0.2_0.7_3.txt
801_40000_DI_46.txt
BPP_1000_750_0.1_0.8_3.txt
BPP_400_75_0.2_0.7_2.txt
BPP_100_300_0.1_0.8_1.txt
BPP_300_1000_0.1_0.7_8.txt
BPP_300_150_0.2_0.7_6.txt
BPP_50_120_0.1_0.8_5.txt
BPP_50_125_0.2_0.8_9.txt
BPP_50_50_0.1_0.8_5.txt
BPP_500_750_0.2_0.7_1.txt
BPP_50_75_0.2_0.8_9.txt
BPP_400_75_0.2_0.8_3.txt
BPP_750_50_0.2_0.8_2.txt
BPP_400_1000_0.1_0.8_2.txt
BPP_100_75_0.1_0.8_0.txt
BPP_1000_75_0.2_0.7_6.txt
BPP_300_150_0.1_0.7_7.txt
BPP_200_100_0.2_0.7_0.txt
BPP_300_500_0.2_0.7_5.txt
BPP_100_750_0.2_0.7_6.txt
BPP_200_750_0.1_0.8_9.txt
BPP_100_120_0.1_0.8_2.txt
BPP_50_50_0.1_0.7_5.txt
BPP_1000_150_0.2_0.7_5.txt
BPP_1000_300_0.2_0.8_1.txt
BPP_400_150_0.1_0.7_6.txt
BPP_400_120_0.1_0.8_4.txt
BPP_1000_125_0.1_0.7_2.txt
BPP_200_200_0.2_0.8_1.txt
BPP_300_500_0.1_0.8_6.txt
BPP_750_100_0.1_0.7_2.txt
BPP_500_200_0.1_0.7_6.txt
BPP_300_750_0.2_0.8_2.txt
BPP_500_750_0.2_0.7_4.txt
BPP_500_100_0.1_0.7_8.txt
BPP_500_100_0.1_0.7_1.txt
BPP_400_200_0.1_0.7_4.txt
BPP_500_125_0.1_0.8_1.txt
BPP_1000_150_0.1_0.8_5.txt
1002_80000_NR_29.txt
402_10000_NR_4.txt
1002_80000_DI_44.txt
BPP_1000_1000_0.1_0.7_5.txt
BPP_500_500_0.1_0.8_5.txt
BPP_750_1000_0.2_0.7_2.txt
BPP_400_300_0.2_0.7_3.txt
600_20000_DI_29.txt
BPP_500_400_0.2_0.8_6.txt
BPP_100_750_0.2_0.8_8.txt
BPP_100_120_0.2_0.8_5.txt
BPP_200_125_0.2_0.7_7.txt
BPP_300_200_0.2_0.8_6.txt
BPP_750_200_0.2_0.7_1.txt
BPP_50_300_0.1_0.7_4.txt
BPP_200_200_0.2_0.8_5.txt
BPP_300_100_0.1_0.8_8.txt
BPP_1000_100_0.1_0.8_3.txt
BPP_200_750_0.1_0.7_1.txt
BPP_400_125_0.2_0.8_5.txt
BPP_750_50_0.2_0.8_7.txt
BPP_1000_50_0.1_0.8_7.txt
BPP_300_100_0.2_0.8_1.txt
BPP_300_400_0.1_0.8_3.txt
BPP_1000_200_0.1_0.8_9.txt
BPP_200_150_0.1_0.8_9.txt
402_10000_DI_44.txt
BPP_200_750_0.1_0.8_7.txt
BPP_300_200_0.1_0.7_3.txt
BPP_300_125_0.2_0.7_0.txt
BPP_100_400_0.2_0.7_4.txt
BPP_200_75_0.2_0.8_3.txt
BPP_300_100_0.1_0.8_1.txt
BPP_750_200_0.1_0.7_3.txt
BPP_1000_50_0.2_0.8_8.txt
BPP_300_750_0.1_0.8_8.txt
BPP_750_75_0.2_0.8_9.txt
BPP_400_1000_0.1_0.7_0.txt
BPP_750_50_0.2_0.8_3.txt
BPP_400_500_0.1_0.8_8.txt
BPP_300_1000_0.2_0.7_0.txt
BPP_300_120_0.1_0.7_1.txt
BPP_400_50_0.1_0.8_4.txt
BPP_400_120_0.2_0.7_5.txt
BPP_300_50_0.2_0.7_4.txt
BPP_400_125_0.2_0.8_4.txt
BPP_750_750_0.2_0.7_6.txt
BPP_200_150_0.1_0.8_2.txt
BPP_400_1000_0.1_0.7_4.txt
BPP_300_500_0.1_0.7_9.txt
BPP_500_50_0.2_0.8_7.txt
BPP_100_120_0.1_0.8_4.txt
BPP_300_75_0.2_0.7_2.txt
BPP_200_125_0.1_0.8_2.txt
BPP_1000_50_0.2_0.7_5.txt
BPP_400_200_0.2_0.8_9.txt
BPP_200_75_0.2_0.7_0.txt
BPP_100_500_0.2_0.8_8.txt
BPP_750_75_0.1_0.8_6.txt
BPP_1000_125_0.1_0.8_3.txt
BPP_1000_200_0.1_0.8_4.txt
BPP_1000_75_0.1_0.7_0.txt
BPP_200_1000_0.1_0.7_0.txt
BPP_100_500_0.1_0.7_2.txt
BPP_1000_120_0.1_0.7_1.txt
BPP_1000_500_0.1_0.7_2.txt
BPP_200_150_0.2_0.7_6.txt
BPP_750_125_0.1_0.7_5.txt
BPP_400_500_0.2_0.8_6.txt
BPP_100_750_0.2_0.7_9.txt
BPP_200_75_0.2_0.7_9.txt
BPP_400_1000_0.1_0.8_7.txt
BPP_500_100_0.1_0.7_4.txt
BPP_100_125_0.2_0.7_6.txt
BPP_750_200_0.2_0.7_9.txt
BPP_400_75_0.2_0.7_4.txt
BPP_50_200_0.2_0.7_8.txt
BPP_750_50_0.1_0.8_4.txt
BPP_400_125_0.1_0.8_1.txt
BPP_750_100_0.2_0.7_3.txt
BPP_100_750_0.1_0.7_5.txt
BPP_200_75_0.2_0.7_1.txt
BPP_50_750_0.2_0.7_7.txt
BPP_500_1000_0.1_0.8_1.txt
BPP_1000_75_0.2_0.7_9.txt
BPP_1000_400_0.2_0.8_8.txt
BPP_100_150_0.1_0.8_9.txt
BPP_400_120_0.2_0.7_7.txt
BPP_400_400_0.2_0.7_7.txt
1002_80000_NR_28.txt
BPP_750_500_0.1_0.7_4.txt
BPP_400_125_0.1_0.7_6.txt
BPP_1000_400_0.2_0.7_8.txt
BPP_400_1000_0.1_0.7_7.txt
BPP_400_75_0.1_0.7_1.txt
BPP_50_150_0.1_0.7_0.txt
BPP_200_50_0.1_0.8_7.txt
BPP_200_150_0.2_0.7_2.txt
BPP_300_1000_0.1_0.8_2.txt
BPP_100_300_0.2_0.7_0.txt
BPP_750_75_0.2_0.8_1.txt
BPP_300_150_0.2_0.7_7.txt
BPP_200_1000_0.1_0.7_6.txt
BPP_300_750_0.1_0.8_9.txt
BPP_400_50_0.1_0.7_4.txt
BPP_500_300_0.2_0.8_0.txt
BPP_500_50_0.2_0.7_2.txt
1002_80000_DI_31.txt
BPP_750_750_0.2_0.8_5.txt
BPP_300_1000_0.1_0.7_0.txt
BPP_1000_300_0.2_0.7_5.txt
BPP_750_200_0.2_0.8_7.txt
BPP_500_150_0.1_0.7_5.txt
BPP_200_300_0.1_0.8_8.txt
BPP_300_75_0.1_0.8_8.txt
BPP_750_300_0.2_0.7_4.txt
BPP_400_125_0.1_0.7_9.txt
BPP_300_400_0.2_0.8_6.txt
BPP_300_500_0.1_0.7_3.txt
BPP_500_120_0.1_0.8_0.txt
BPP_200_200_0.2_0.7_6.txt
BPP_750_125_0.1_0.7_6.txt
BPP_300_100_0.1_0.7_0.txt
BPP_750_75_0.2_0.8_2.txt
BPP_300_100_0.1_0.8_3.txt
BPP_300_150_0.1_0.8_7.txt
BPP_300_750_0.2_0.8_9.txt
BPP_100_125_0.2_0.7_0.txt
BPP_500_120_0.1_0.7_0.txt
BPP_500_150_0.2_0.8_4.txt
BPP_100_200_0.1_0.8_2.txt
BPP_100_150_0.1_0.7_5.txt
BPP_50_1000_0.2_0.8_9.txt
BPP_50_120_0.1_0.8_7.txt
BPP_300_300_0.2_0.7_6.txt
BPP_500_200_0.2_0.8_1.txt
BPP_50_200_0.1_0.8_4.txt
BPP_500_75_0.1_0.7_7.txt
BPP_400_125_0.2_0.7_9.txt
BPP_500_400_0.1_0.8_2.txt
BPP_100_1000_0.2_0.8_4.txt
BPP_500_150_0.1_0.7_0.txt
BPP_300_75_0.2_0.7_3.txt
BPP_100_1000_0.2_0.7_5.txt
BPP_750_200_0.2_0.8_6.txt
BPP_50_400_0.1_0.7_1.txt
BPP_400_750_0.1_0.8_1.txt
BPP_50_400_0.1_0.7_4.txt
BPP_100_300_0.2_0.8_7.txt
BPP_500_50_0.1_0.7_1.txt
BPP_750_125_0.2_0.8_0.txt
BPP_100_200_0.2_0.7_3.txt
BPP_200_300_0.1_0.7_3.txt
BPP_200_125_0.2_0.7_1.txt
BPP_300_300_0.1_0.8_2.txt
BPP_400_100_0.1_0.7_9.txt
BPP_50_125_0.1_0.8_4.txt
BPP_400_120_0.2_0.8_0.txt
BPP_300_75_0.2_0.7_5.txt
BPP_750_200_0.2_0.8_2.txt
BPP_750_150_0.2_0.8_8.txt
BPP_500_750_0.2_0.8_9.txt
BPP_100_120_0.2_0.8_7.txt
BPP_750_150_0.1_0.7_7.txt
BPP_400_50_0.1_0.8_7.txt
BPP_1000_100_0.2_0.7_9.txt
BPP_400_1000_0.1_0.7_1.txt
BPP_750_300_0.2_0.8_1.txt
BPP_400_100_0.1_0.8_9.txt
BPP_500_150_0.1_0.8_5.txt
1002_80000_NR_38.txt
BPP_200_200_0.1_0.8_2.txt
BPP_300_100_0.1_0.7_7.txt
BPP_50_750_0.1_0.8_9.txt
BPP_1000_200_0.2_0.8_5.txt
BPP_200_200_0.2_0.8_2.txt
BPP_400_200_0.2_0.7_1.txt
BPP_50_50_0.2_0.8_1.txt
BPP_400_300_0.1_0.7_1.txt
BPP_750_75_0.1_0.8_3.txt
BPP_100_120_0.2_0.8_8.txt
BPP_1000_300_0.1_0.8_6.txt
BPP_200_150_0.2_0.8_9.txt
BPP_300_50_0.2_0.7_2.txt
BPP_200_50_0.1_0.8_9.txt
BPP_200_50_0.1_0.7_8.txt
BPP_300_200_0.2_0.7_9.txt
BPP_400_125_0.1_0.7_1.txt
BPP_500_750_0.2_0.7_6.txt
BPP_400_1000_0.2_0.8_9.txt
BPP_500_125_0.2_0.7_2.txt
BPP_50_125_0.1_0.8_5.txt
BPP_400_500_0.2_0.8_4.txt
BPP_200_1000_0.2_0.8_5.txt
BPP_300_120_0.1_0.8_9.txt
BPP_300_150_0.1_0.7_6.txt
1002_80000_DI_1.txt
BPP_100_1000_0.2_0.7_1.txt
BPP_300_125_0.2_0.7_4.txt
BPP_1000_50_0.1_0.7_5.txt
BPP_1000_125_0.2_0.7_4.txt
BPP_400_125_0.1_0.8_6.txt
BPP_50_300_0.1_0.7_7.txt
BPP_100_300_0.1_0.8_5.txt
BPP_400_50_0.2_0.7_3.txt
BPP_750_120_0.2_0.8_1.txt
BPP_100_200_0.2_0.7_6.txt
BPP_500_50_0.1_0.7_6.txt
BPP_500_150_0.1_0.8_2.txt
BPP_500_75_0.2_0.8_8.txt
BPP_100_50_0.1_0.8_8.txt
BPP_300_200_0.1_0.8_1.txt
BPP_300_125_0.1_0.8_5.txt
600_20000_NR_10.txt
BPP_500_500_0.1_0.7_9.txt
BPP_500_1000_0.2_0.7_9.txt
BPP_750_50_0.2_0.7_3.txt
BPP_300_400_0.2_0.7_2.txt
BPP_100_1000_0.1_0.8_4.txt
BPP_1000_120_0.1_0.8_0.txt
600_20000_NR_33.txt
BPP_1000_750_0.1_0.8_5.txt
BPP_500_1000_0.1_0.8_6.txt
BPP_100_125_0.1_0.8_8.txt
BPP_200_1000_0.2_0.8_6.txt
BPP_1000_125_0.2_0.7_9.txt
BPP_100_150_0.1_0.7_1.txt
BPP_100_400_0.1_0.8_3.txt
BPP_750_300_0.2_0.8_2.txt
BPP_300_300_0.2_0.8_5.txt
BPP_50_50_0.2_0.7_4.txt
BPP_300_120_0.2_0.8_5.txt
BPP_200_150_0.2_0.8_2.txt
BPP_750_750_0.1_0.8_2.txt
BPP_200_400_0.1_0.7_3.txt
BPP_400_150_0.2_0.7_0.txt
BPP_500_150_0.1_0.8_4.txt
801_40000_NR_19.txt
201_2500_NR_29.txt
201_2500_NR_23.txt
BPP_1000_1000_0.1_0.8_4.txt
BPP_50_500_0.2_0.7_8.txt
BPP_1000_100_0.1_0.7_2.txt
BPP_200_300_0.1_0.7_0.txt
BPP_200_125_0.2_0.8_1.txt
BPP_200_750_0.2_0.8_3.txt
BPP_100_75_0.2_0.7_3.txt
BPP_400_400_0.1_0.7_4.txt
BPP_300_200_0.2_0.8_4.txt
BPP_200_1000_0.2_0.8_2.txt
BPP_50_300_0.1_0.7_5.txt
BPP_300_120_0.1_0.7_5.txt
BPP_300_300_0.1_0.7_0.txt
BPP_750_400_0.2_0.8_4.txt
BPP_100_125_0.1_0.7_8.txt
BPP_400_750_0.1_0.8_4.txt
BPP_200_120_0.2_0.8_1.txt
600_20000_NR_3.txt
1002_80000_DI_16.txt
BPP_750_1000_0.1_0.7_3.txt
BPP_1000_400_0.2_0.8_6.txt
BPP_300_400_0.2_0.8_1.txt
BPP_50_125_0.1_0.8_9.txt
BPP_750_100_0.1_0.7_0.txt
BPP_200_1000_0.2_0.7_0.txt
BPP_750_120_0.1_0.8_0.txt
BPP_500_50_0.2_0.8_1.txt
BPP_200_125_0.1_0.8_5.txt
BPP_50_120_0.2_0.7_3.txt
600_20000_NR_37.txt
201_2500_NR_48.txt
BPP_750_750_0.2_0.8_2.txt
BPP_1000_200_0.1_0.7_2.txt
BPP_300_200_0.1_0.7_2.txt
BPP_300_150_0.1_0.8_4.txt
BPP_50_500_0.1_0.8_3.txt
402_10000_NR_2.txt
BPP_400_500_0.2_0.7_1.txt
BPP_200_125_0.2_0.7_4.txt
BPP_500_75_0.1_0.8_6.txt
201_2500_NR_33.txt
BPP_100_125_0.1_0.8_7.txt
BPP_300_150_0.2_0.8_6.txt
BPP_500_50_0.2_0.7_3.txt
BPP_300_100_0.2_0.7_3.txt
BPP_300_50_0.2_0.8_2.txt
BPP_400_150_0.2_0.7_4.txt
BPP_100_200_0.1_0.8_9.txt
BPP_400_300_0.2_0.8_6.txt
BPP_400_1000_0.2_0.7_2.txt
BPP_500_400_0.2_0.8_0.txt
BPP_400_75_0.1_0.8_1.txt
BPP_1000_400_0.2_0.7_3.txt
BPP_300_400_0.2_0.7_7.txt
BPP_50_125_0.1_0.8_7.txt
BPP_400_200_0.1_0.7_3.txt
BPP_400_750_0.1_0.8_2.txt
BPP_500_75_0.2_0.8_3.txt
BPP_200_200_0.1_0.7_5.txt
BPP_400_400_0.1_0.7_8.txt
BPP_500_200_0.1_0.7_9.txt
BPP_750_300_0.1_0.7_6.txt
BPP_750_120_0.1_0.8_9.txt
BPP_400_300_0.2_0.7_9.txt
BPP_1000_100_0.1_0.8_6.txt
BPP_200_75_0.2_0.8_9.txt
BPP_200_400_0.1_0.7_1.txt
BPP_100_300_0.2_0.8_4.txt
BPP_400_400_0.1_0.8_3.txt
BPP_300_200_0.2_0.7_7.txt
BPP_200_200_0.2_0.7_4.txt
BPP_750_120_0.2_0.8_5.txt
BPP_50_50_0.2_0.7_8.txt
BPP_50_150_0.1_0.8_5.txt
BPP_100_400_0.1_0.8_7.txt
BPP_50_50_0.2_0.8_6.txt
BPP_500_50_0.1_0.8_8.txt
BPP_1000_150_0.1_0.8_3.txt
BPP_1000_500_0.1_0.7_9.txt
BPP_1000_400_0.2_0.8_5.txt
801_40000_NR_35.txt
BPP_400_500_0.2_0.7_2.txt
BPP_100_100_0.2_0.7_8.txt
BPP_400_75_0.2_0.7_0.txt
BPP_50_300_0.2_0.7_3.txt
BPP_1000_150_0.1_0.8_1.txt
BPP_100_100_0.1_0.7_9.txt
BPP_300_750_0.2_0.7_7.txt
BPP_400_300_0.2_0.7_4.txt
BPP_400_1000_0.2_0.8_1.txt
BPP_750_50_0.2_0.8_4.txt
BPP_300_400_0.2_0.7_1.txt
BPP_200_120_0.2_0.8_5.txt
BPP_500_100_0.1_0.7_5.txt
1002_80000_DI_28.txt
BPP_400_1000_0.1_0.8_9.txt
BPP_100_750_0.1_0.8_4.txt
BPP_400_200_0.2_0.8_4.txt
BPP_400_125_0.1_0.7_8.txt
BPP_500_1000_0.2_0.8_3.txt
BPP_50_500_0.2_0.7_2.txt
BPP_750_150_0.1_0.8_0.txt
BPP_50_125_0.1_0.8_2.txt
BPP_500_150_0.2_0.7_2.txt
BPP_200_300_0.1_0.8_7.txt
BPP_500_1000_0.2_0.8_5.txt
BPP_500_120_0.1_0.8_4.txt
BPP_500_200_0.1_0.8_3.txt
BPP_1000_75_0.1_0.7_4.txt
BPP_750_100_0.1_0.7_4.txt
BPP_750_400_0.2_0.7_6.txt
BPP_100_1000_0.2_0.7_6.txt
BPP_1000_100_0.1_0.7_5.txt
BPP_200_200_0.2_0.7_5.txt
801_40000_NR_41.txt
BPP_1000_1000_0.2_0.8_2.txt
BPP_100_200_0.2_0.8_7.txt
BPP_50_120_0.1_0.8_4.txt
BPP_100_400_0.2_0.7_2.txt
BPP_500_200_0.1_0.7_3.txt
BPP_500_300_0.1_0.8_9.txt
BPP_500_400_0.2_0.8_4.txt
BPP_200_200_0.1_0.7_7.txt
BPP_50_75_0.2_0.8_7.txt
BPP_750_200_0.2_0.7_6.txt
BPP_300_750_0.2_0.7_0.txt
BPP_100_50_0.1_0.7_2.txt
BPP_500_150_0.1_0.8_9.txt
BPP_50_150_0.1_0.7_8.txt
600_20000_NR_43.txt
BPP_200_125_0.2_0.8_8.txt
BPP_400_150_0.1_0.8_1.txt
BPP_300_1000_0.2_0.8_0.txt
BPP_750_100_0.1_0.8_3.txt
BPP_50_150_0.1_0.8_6.txt
BPP_400_750_0.2_0.8_0.txt
BPP_100_120_0.1_0.8_8.txt
BPP_300_500_0.2_0.8_1.txt
BPP_100_75_0.2_0.8_8.txt
BPP_200_400_0.2_0.8_5.txt
BPP_1000_120_0.2_0.8_3.txt
BPP_400_750_0.1_0.8_5.txt
BPP_100_150_0.2_0.7_5.txt
BPP_1000_300_0.1_0.8_5.txt
BPP_50_300_0.2_0.8_2.txt
BPP_750_75_0.2_0.7_0.txt
BPP_750_500_0.2_0.7_4.txt
BPP_750_50_0.1_0.7_1.txt
BPP_100_50_0.1_0.7_4.txt
BPP_50_400_0.2_0.7_5.txt
BPP_300_100_0.1_0.7_3.txt
BPP_100_50_0.1_0.8_1.txt
BPP_50_125_0.1_0.8_8.txt
BPP_750_125_0.2_0.8_1.txt
BPP_100_75_0.2_0.7_9.txt
BPP_100_100_0.2_0.7_9.txt
1002_80000_DI_3.txt
BPP_500_1000_0.2_0.7_0.txt
BPP_500_150_0.1_0.7_6.txt
BPP_50_120_0.1_0.8_3.txt
BPP_50_750_0.2_0.8_4.txt
BPP_100_750_0.2_0.7_8.txt
BPP_300_400_0.1_0.8_0.txt
BPP_200_200_0.1_0.7_0.txt
BPP_750_120_0.2_0.7_3.txt
BPP_100_100_0.1_0.7_3.txt
BPP_300_300_0.1_0.8_4.txt
BPP_1000_500_0.2_0.8_4.txt
BPP_750_125_0.1_0.7_4.txt
BPP_100_75_0.2_0.8_2.txt
BPP_50_200_0.1_0.8_8.txt
BPP_100_200_0.1_0.7_6.txt
801_40000_DI_6.txt
BPP_1000_1000_0.1_0.7_1.txt
BPP_1000_750_0.2_0.7_3.txt
BPP_300_50_0.1_0.8_5.txt
BPP_100_100_0.2_0.7_6.txt
BPP_100_100_0.2_0.8_5.txt
BPP_100_150_0.2_0.8_5.txt
BPP_300_150_0.2_0.8_0.txt
BPP_500_120_0.2_0.7_5.txt
BPP_200_1000_0.1_0.7_9.txt
BPP_300_150_0.1_0.7_3.txt
BPP_750_50_0.2_0.7_6.txt
1002_80000_NR_34.txt
BPP_750_400_0.2_0.7_0.txt
201_2500_NR_0.txt
BPP_400_200_0.2_0.7_6.txt
BPP_200_75_0.1_0.8_8.txt
BPP_50_125_0.2_0.8_7.txt
BPP_200_100_0.1_0.7_6.txt
BPP_300_120_0.2_0.8_2.txt
BPP_300_75_0.1_0.7_0.txt
600_20000_DI_17.txt
BPP_400_750_0.1_0.7_9.txt
402_10000_DI_8.txt
BPP_300_300_0.2_0.7_5.txt
BPP_200_75_0.1_0.7_9.txt
201_2500_DI_31.txt
BPP_750_400_0.1_0.8_3.txt
BPP_400_750_0.1_0.7_7.txt
BPP_1000_125_0.2_0.8_7.txt
BPP_50_300_0.1_0.8_2.txt
BPP_50_500_0.1_0.7_4.txt
BPP_1000_75_0.2_0.8_6.txt
BPP_100_50_0.1_0.8_7.txt
BPP_100_300_0.1_0.7_3.txt
BPP_500_150_0.2_0.8_2.txt
BPP_500_150_0.2_0.8_8.txt
BPP_100_150_0.2_0.7_3.txt
BPP_500_100_0.2_0.7_9.txt
BPP_50_150_0.1_0.7_6.txt
BPP_300_50_0.1_0.7_8.txt
BPP_50_300_0.2_0.8_1.txt
BPP_750_300_0.2_0.8_0.txt
BPP_1000_750_0.1_0.7_9.txt
BPP_500_100_0.1_0.7_7.txt
BPP_50_750_0.1_0.7_4.txt
BPP_50_75_0.2_0.8_1.txt
BPP_300_50_0.2_0.8_1.txt
BPP_50_500_0.1_0.8_5.txt
BPP_50_120_0.2_0.8_1.txt
BPP_50_200_0.1_0.8_7.txt
801_40000_NR_1.txt
BPP_500_400_0.1_0.8_6.txt
BPP_200_400_0.2_0.8_0.txt
BPP_1000_75_0.1_0.8_8.txt
BPP_200_1000_0.2_0.8_8.txt
BPP_400_750_0.2_0.8_9.txt
BPP_500_100_0.2_0.7_8.txt
BPP_750_125_0.1_0.7_9.txt
BPP_1000_400_0.2_0.7_9.txt
BPP_50_50_0.1_0.7_6.txt
801_40000_DI_18.txt
BPP_1000_150_0.1_0.8_9.txt
BPP_750_100_0.1_0.8_4.txt
BPP_300_120_0.2_0.7_0.txt
BPP_300_400_0.2_0.8_2.txt
BPP_1000_50_0.1_0.7_7.txt
BPP_750_1000_0.2_0.8_3.txt
BPP_500_200_0.1_0.8_1.txt
BPP_300_50_0.2_0.7_6.txt
BPP_200_750_0.1_0.7_4.txt
BPP_1000_75_0.2_0.7_2.txt
BPP_750_1000_0.2_0.8_4.txt
BPP_200_750_0.2_0.7_3.txt
BPP_500_400_0.2_0.7_4.txt
BPP_500_400_0.1_0.7_1.txt
BPP_400_50_0.1_0.7_5.txt
BPP_750_300_0.2_0.8_4.txt
BPP_300_120_0.2_0.8_8.txt
BPP_400_100_0.1_0.8_5.txt
BPP_200_400_0.2_0.8_9.txt
BPP_1000_400_0.1_0.7_8.txt
BPP_300_500_0.1_0.7_4.txt
BPP_300_150_0.1_0.8_5.txt
801_40000_DI_41.txt
BPP_1000_500_0.1_0.8_2.txt
BPP_50_300_0.2_0.8_6.txt
BPP_300_120_0.2_0.7_7.txt
BPP_50_750_0.2_0.8_0.txt
BPP_300_1000_0.2_0.8_6.txt
BPP_200_200_0.2_0.7_0.txt
BPP_100_400_0.2_0.8_0.txt
BPP_50_200_0.1_0.8_6.txt
BPP_750_500_0.2_0.8_5.txt
1002_80000_NR_7.txt
BPP_400_750_0.1_0.7_3.txt
BPP_500_200_0.2_0.7_5.txt
600_20000_NR_49.txt
BPP_750_1000_0.2_0.8_2.txt
BPP_750_125_0.2_0.8_7.txt
BPP_200_125_0.2_0.8_7.txt
BPP_500_500_0.2_0.8_1.txt
BPP_200_100_0.1_0.8_7.txt
BPP_200_500_0.1_0.8_8.txt
BPP_750_50_0.1_0.7_2.txt
BPP_400_100_0.2_0.7_8.txt
BPP_1000_75_0.1_0.8_6.txt
BPP_100_75_0.1_0.8_1.txt
BPP_50_400_0.1_0.7_8.txt
BPP_400_100_0.2_0.8_9.txt
BPP_50_300_0.1_0.8_5.txt
BPP_300_1000_0.1_0.7_1.txt
402_10000_NR_42.txt
BPP_750_500_0.2_0.7_7.txt
BPP_1000_500_0.1_0.7_1.txt
BPP_200_100_0.2_0.7_1.txt
402_10000_NR_17.txt
BPP_400_500_0.1_0.7_9.txt
BPP_100_120_0.2_0.7_0.txt
BPP_1000_50_0.1_0.8_1.txt
BPP_500_200_0.1_0.7_5.txt
BPP_100_75_0.2_0.8_0.txt
BPP_500_200_0.2_0.7_4.txt
BPP_500_400_0.1_0.7_7.txt
BPP_200_1000_0.1_0.8_8.txt
BPP_100_50_0.2_0.7_2.txt
BPP_50_500_0.1_0.8_4.txt
BPP_100_500_0.2_0.7_8.txt
BPP_400_120_0.2_0.8_8.txt
BPP_500_150_0.2_0.8_1.txt
BPP_750_500_0.1_0.7_8.txt
BPP_400_125_0.2_0.8_7.txt
BPP_100_200_0.2_0.8_1.txt
BPP_500_300_0.2_0.7_2.txt
1002_80000_DI_20.txt
BPP_500_200_0.2_0.7_7.txt
BPP_750_50_0.1_0.8_3.txt
BPP_100_75_0.1_0.8_2.txt
201_2500_DI_39.txt
600_20000_NR_20.txt
BPP_400_200_0.1_0.8_0.txt
BPP_1000_125_0.1_0.7_4.txt
201_2500_NR_10.txt
BPP_400_750_0.2_0.7_7.txt
BPP_400_75_0.1_0.8_8.txt
BPP_1000_125_0.2_0.7_5.txt
BPP_1000_125_0.1_0.7_9.txt
BPP_100_125_0.1_0.7_3.txt
BPP_500_50_0.1_0.7_7.txt
BPP_400_200_0.1_0.8_3.txt
BPP_1000_750_0.2_0.7_7.txt
BPP_50_100_0.2_0.7_4.txt
BPP_200_500_0.1_0.8_6.txt
BPP_100_100_0.1_0.7_5.txt
BPP_100_75_0.2_0.7_8.txt
BPP_400_750_0.2_0.7_0.txt
600_20000_DI_44.txt
BPP_1000_500_0.2_0.7_5.txt
BPP_1000_120_0.2_0.8_5.txt
402_10000_DI_6.txt
BPP_400_500_0.1_0.7_0.txt
BPP_500_750_0.1_0.7_0.txt
BPP_100_120_0.2_0.8_6.txt
BPP_500_500_0.2_0.7_2.txt
402_10000_DI_14.txt
BPP_750_750_0.2_0.8_8.txt
BPP_50_400_0.2_0.8_6.txt
BPP_200_150_0.1_0.7_0.txt
BPP_500_300_0.2_0.8_7.txt
BPP_750_100_0.2_0.8_2.txt
BPP_750_100_0.1_0.7_5.txt
BPP_200_400_0.1_0.8_1.txt
BPP_750_750_0.2_0.8_6.txt
BPP_750_125_0.2_0.8_9.txt
BPP_200_75_0.2_0.7_6.txt
BPP_100_500_0.1_0.8_0.txt
BPP_50_75_0.1_0.7_2.txt
BPP_200_125_0.2_0.7_6.txt
BPP_50_150_0.2_0.7_6.txt
BPP_100_500_0.2_0.8_3.txt
BPP_1000_120_0.1_0.8_6.txt
BPP_500_125_0.1_0.8_8.txt
BPP_200_750_0.2_0.7_6.txt
BPP_100_300_0.1_0.8_8.txt
BPP_1000_120_0.2_0.8_1.txt
BPP_50_750_0.2_0.7_1.txt
BPP_300_500_0.1_0.7_0.txt
BPP_500_1000_0.2_0.7_2.txt
BPP_300_500_0.2_0.7_3.txt
BPP_200_100_0.2_0.8_2.txt
BPP_300_500_0.2_0.8_2.txt
801_40000_NR_48.txt
BPP_300_1000_0.2_0.7_8.txt
BPP_100_100_0.1_0.8_1.txt
BPP_100_75_0.1_0.8_7.txt
BPP_300_500_0.2_0.8_8.txt
BPP_50_400_0.1_0.7_9.txt
BPP_1000_150_0.2_0.8_3.txt
BPP_400_300_0.2_0.8_0.txt
BPP_300_150_0.2_0.8_3.txt
BPP_500_200_0.2_0.8_2.txt
BPP_400_50_0.2_0.7_5.txt
BPP_300_125_0.2_0.8_5.txt
BPP_500_100_0.2_0.7_6.txt
BPP_300_50_0.1_0.8_9.txt
BPP_50_75_0.2_0.8_2.txt
BPP_200_125_0.2_0.7_0.txt
BPP_400_125_0.2_0.7_1.txt
BPP_300_750_0.1_0.8_4.txt
BPP_100_750_0.1_0.7_4.txt
BPP_100_100_0.2_0.7_0.txt
BPP_200_100_0.1_0.8_6.txt
BPP_300_400_0.2_0.8_3.txt
BPP_50_200_0.2_0.7_6.txt
BPP_50_125_0.1_0.7_1.txt
BPP_400_300_0.2_0.7_0.txt
BPP_500_750_0.1_0.8_0.txt
BPP_50_200_0.1_0.7_0.txt
BPP_200_300_0.2_0.7_0.txt
BPP_50_150_0.2_0.7_1.txt
BPP_500_120_0.1_0.7_9.txt
BPP_300_300_0.1_0.7_4.txt
BPP_200_150_0.2_0.7_5.txt
BPP_500_120_0.2_0.8_6.txt
BPP_100_50_0.1_0.7_3.txt
BPP_400_300_0.2_0.7_8.txt
BPP_300_125_0.1_0.7_3.txt
BPP_400_120_0.1_0.8_2.txt
BPP_500_300_0.1_0.8_0.txt
BPP_50_200_0.2_0.7_5.txt
BPP_750_75_0.2_0.7_1.txt
BPP_500_50_0.1_0.8_2.txt
BPP_1000_125_0.2_0.8_1.txt
BPP_500_75_0.1_0.8_3.txt
BPP_500_120_0.1_0.8_1.txt
BPP_750_100_0.1_0.7_7.txt
BPP_200_500_0.1_0.7_6.txt
BPP_300_150_0.2_0.7_2.txt
1002_80000_DI_8.txt
BPP_1000_1000_0.1_0.7_4.txt
BPP_300_120_0.2_0.7_1.txt
BPP_200_150_0.2_0.7_9.txt
BPP_300_100_0.1_0.8_5.txt
BPP_100_100_0.1_0.7_1.txt
BPP_100_75_0.1_0.8_3.txt
BPP_300_120_0.2_0.7_3.txt
402_10000_DI_33.txt
BPP_300_750_0.1_0.7_2.txt
201_2500_DI_40.txt
BPP_750_1000_0.2_0.8_9.txt
BPP_400_50_0.2_0.7_1.txt
BPP_500_200_0.1_0.8_7.txt
BPP_400_300_0.2_0.8_3.txt
BPP_50_1000_0.2_0.7_9.txt
BPP_50_150_0.1_0.8_8.txt
BPP_50_150_0.2_0.8_0.txt
BPP_300_200_0.1_0.7_8.txt
BPP_50_150_0.1_0.8_1.txt
BPP_100_125_0.2_0.8_3.txt
BPP_100_1000_0.2_0.7_0.txt
BPP_400_75_0.1_0.7_5.txt
BPP_400_200_0.2_0.8_7.txt
BPP_400_1000_0.1_0.7_5.txt
BPP_1000_120_0.2_0.7_0.txt
BPP_500_75_0.1_0.7_2.txt
BPP_200_200_0.1_0.8_8.txt
1002_80000_NR_46.txt
801_40000_DI_32.txt
BPP_1000_1000_0.1_0.8_7.txt
BPP_750_750_0.2_0.7_0.txt
BPP_1000_400_0.1_0.8_6.txt
BPP_50_200_0.2_0.7_1.txt
BPP_300_200_0.1_0.8_8.txt
BPP_50_125_0.1_0.8_6.txt
BPP_50_120_0.2_0.7_2.txt
BPP_100_50_0.2_0.8_7.txt
BPP_300_50_0.2_0.7_8.txt
BPP_50_750_0.1_0.7_3.txt
600_20000_DI_12.txt
BPP_1000_400_0.1_0.7_0.txt
BPP_500_750_0.2_0.8_7.txt
BPP_200_125_0.1_0.7_1.txt
BPP_400_100_0.1_0.7_5.txt
BPP_200_500_0.1_0.7_4.txt
BPP_400_120_0.2_0.7_4.txt
BPP_750_100_0.1_0.8_5.txt
BPP_100_75_0.1_0.8_4.txt
BPP_50_200_0.1_0.7_8.txt
BPP_50_150_0.1_0.8_3.txt
402_10000_DI_21.txt
BPP_1000_750_0.1_0.7_3.txt
BPP_750_100_0.2_0.7_2.txt
BPP_750_75_0.2_0.7_9.txt
BPP_50_125_0.2_0.8_6.txt
BPP_500_120_0.2_0.8_8.txt
BPP_50_125_0.1_0.7_0.txt
BPP_300_1000_0.2_0.8_5.txt
BPP_200_500_0.1_0.8_1.txt
BPP_300_75_0.2_0.8_5.txt
BPP_1000_100_0.1_0.7_7.txt
BPP_400_300_0.1_0.7_8.txt
BPP_200_120_0.2_0.8_6.txt
BPP_300_120_0.1_0.8_6.txt
600_20000_DI_15.txt
BPP_400_1000_0.1_0.7_8.txt
BPP_500_300_0.1_0.7_7.txt
BPP_400_50_0.2_0.8_5.txt
BPP_100_75_0.1_0.8_6.txt
BPP_750_120_0.2_0.8_0.txt
1002_80000_NR_27.txt
BPP_500_1000_0.2_0.8_7.txt
BPP_1000_200_0.2_0.8_7.txt
BPP_500_200_0.2_0.7_8.txt
BPP_1000_100_0.2_0.7_6.txt
BPP_1000_150_0.2_0.7_3.txt
BPP_500_400_0.1_0.8_1.txt
BPP_400_400_0.2_0.8_7.txt
BPP_750_300_0.2_0.7_1.txt
BPP_200_200_0.1_0.7_1.txt
BPP_50_120_0.1_0.7_2.txt
BPP_50_75_0.1_0.7_9.txt
BPP_50_100_0.2_0.8_1.txt
BPP_500_120_0.2_0.8_7.txt
BPP_200_100_0.1_0.7_1.txt
BPP_200_300_0.2_0.8_8.txt
BPP_400_500_0.1_0.7_2.txt
BPP_400_50_0.1_0.8_3.txt
600_20000_NR_1.txt
BPP_1000_400_0.1_0.7_2.txt
BPP_50_100_0.1_0.7_5.txt
BPP_500_300_0.1_0.8_7.txt
402_10000_NR_18.txt
BPP_400_1000_0.2_0.7_1.txt
BPP_100_1000_0.2_0.8_3.txt
BPP_750_300_0.1_0.7_1.txt
BPP_200_125_0.1_0.7_6.txt
BPP_500_120_0.1_0.7_3.txt
BPP_500_400_0.1_0.8_9.txt
BPP_750_500_0.2_0.8_6.txt
BPP_750_750_0.1_0.7_5.txt
BPP_300_125_0.1_0.7_0.txt
BPP_50_500_0.1_0.7_6.txt
BPP_750_50_0.2_0.8_8.txt
BPP_500_50_0.2_0.8_3.txt
BPP_200_200_0.2_0.8_9.txt
BPP_50_75_0.2_0.8_4.txt
BPP_1000_400_0.1_0.8_7.txt
BPP_200_500_0.1_0.7_5.txt
BPP_400_75_0.2_0.8_1.txt
BPP_50_75_0.1_0.7_0.txt
BPP_200_75_0.1_0.7_4.txt
BPP_500_750_0.2_0.8_4.txt
BPP_1000_300_0.2_0.8_4.txt
BPP_200_750_0.1_0.8_1.txt
BPP_100_100_0.1_0.8_9.txt
BPP_300_750_0.1_0.7_0.txt
BPP_200_50_0.1_0.8_4.txt
BPP_50_200_0.1_0.7_6.txt
BPP_100_125_0.2_0.7_7.txt
BPP_300_750_0.2_0.7_3.txt
801_40000_NR_22.txt
BPP_500_1000_0.2_0.8_2.txt
BPP_750_100_0.2_0.7_6.txt
1002_80000_DI_48.txt
BPP_750_1000_0.2_0.8_0.txt
BPP_500_75_0.2_0.8_0.txt
BPP_500_50_0.2_0.7_9.txt
BPP_100_300_0.2_0.7_9.txt
BPP_500_1000_0.1_0.7_8.txt
BPP_1000_100_0.2_0.8_6.txt
600_20000_NR_5.txt
BPP_500_400_0.1_0.8_7.txt
BPP_400_75_0.1_0.7_7.txt
BPP_200_50_0.2_0.7_2.txt
BPP_400_50_0.1_0.8_6.txt
BPP_1000_200_0.1_0.8_5.txt
BPP_100_100_0.2_0.8_3.txt
BPP_300_125_0.2_0.8_4.txt
BPP_200_120_0.1_0.8_6.txt
BPP_500_1000_0.1_0.7_6.txt
BPP_200_500_0.2_0.7_0.txt
BPP_200_400_0.2_0.8_2.txt
BPP_500_100_0.1_0.8_4.txt
BPP_50_400_0.1_0.7_5.txt
BPP_750_500_0.2_0.8_8.txt
BPP_50_120_0.2_0.8_3.txt
BPP_200_1000_0.2_0.7_8.txt
BPP_400_150_0.2_0.8_4.txt
BPP_100_50_0.1_0.7_5.txt
BPP_1000_120_0.2_0.7_7.txt
BPP_200_125_0.1_0.7_7.txt
BPP_300_75_0.1_0.7_4.txt
BPP_750_200_0.2_0.7_2.txt
600_20000_NR_31.txt
BPP_750_1000_0.1_0.8_0.txt
BPP_500_1000_0.2_0.8_1.txt
BPP_1000_300_0.1_0.8_1.txt
BPP_300_75_0.2_0.7_1.txt
BPP_300_750_0.1_0.8_5.txt
BPP_100_1000_0.1_0.8_3.txt
BPP_1000_300_0.1_0.8_2.txt
BPP_500_50_0.1_0.7_0.txt
BPP_750_200_0.1_0.8_0.txt
BPP_300_1000_0.2_0.7_1.txt
BPP_200_50_0.1_0.8_3.txt
BPP_750_1000_0.2_0.7_6.txt
BPP_200_500_0.1_0.7_7.txt
BPP_200_150_0.2_0.7_1.txt
BPP_500_75_0.2_0.7_8.txt
BPP_50_300_0.2_0.8_7.txt
BPP_200_400_0.2_0.8_1.txt
BPP_50_1000_0.2_0.8_1.txt
BPP_200_50_0.2_0.7_7.txt
BPP_50_300_0.1_0.7_0.txt
BPP_200_75_0.1_0.7_6.txt
BPP_200_750_0.2_0.8_5.txt
1002_80000_DI_0.txt
BPP_200_1000_0.1_0.7_7.txt
BPP_500_300_0.1_0.7_4.txt
BPP_200_150_0.1_0.7_9.txt
BPP_200_120_0.1_0.8_4.txt
BPP_100_100_0.2_0.8_2.txt
BPP_50_125_0.1_0.8_1.txt
BPP_200_150_0.2_0.8_7.txt
BPP_750_400_0.1_0.8_2.txt
BPP_500_300_0.1_0.7_3.txt
801_40000_NR_42.txt
BPP_750_1000_0.2_0.7_5.txt
BPP_100_500_0.2_0.7_5.txt
BPP_100_50_0.2_0.7_4.txt
BPP_200_500_0.1_0.7_1.txt
BPP_50_1000_0.1_0.8_2.txt
BPP_100_200_0.1_0.7_3.txt
BPP_200_75_0.1_0.7_2.txt
BPP_750_750_0.1_0.7_2.txt
BPP_750_75_0.1_0.8_4.txt
BPP_400_500_0.2_0.8_3.txt
BPP_300_150_0.2_0.7_3.txt
BPP_1000_120_0.1_0.8_4.txt
BPP_50_200_0.1_0.8_3.txt
BPP_50_125_0.2_0.7_9.txt
BPP_400_120_0.1_0.7_2.txt
BPP_750_75_0.1_0.7_3.txt
BPP_1000_750_0.1_0.8_1.txt
BPP_750_750_0.1_0.7_9.txt
BPP_500_1000_0.1_0.7_2.txt
BPP_100_120_0.2_0.7_6.txt
BPP_50_500_0.1_0.8_9.txt
BPP_300_75_0.2_0.8_4.txt
1002_80000_DI_39.txt
BPP_500_750_0.1_0.8_9.txt
BPP_300_100_0.2_0.7_8.txt
BPP_200_500_0.2_0.8_3.txt
BPP_50_750_0.1_0.8_0.txt
BPP_300_750_0.2_0.7_2.txt
BPP_750_1000_0.2_0.8_6.txt
BPP_50_120_0.1_0.7_4.txt
BPP_50_500_0.1_0.7_2.txt
BPP_50_50_0.2_0.7_0.txt
BPP_100_120_0.1_0.7_7.txt
BPP_400_500_0.1_0.8_3.txt
BPP_1000_750_0.2_0.8_4.txt
BPP_200_75_0.1_0.7_1.txt
1002_80000_NR_0.txt
BPP_1000_300_0.2_0.8_2.txt
BPP_200_750_0.1_0.7_2.txt
BPP_100_200_0.2_0.7_7.txt
402_10000_NR_23.txt
BPP_1000_150_0.1_0.8_2.txt
BPP_1000_100_0.2_0.7_8.txt
BPP_500_150_0.2_0.8_0.txt
BPP_400_750_0.2_0.8_7.txt
BPP_100_400_0.2_0.7_3.txt
BPP_300_100_0.1_0.7_1.txt
BPP_100_200_0.1_0.7_8.txt
BPP_1000_75_0.1_0.7_8.txt
BPP_300_75_0.2_0.8_7.txt
402_10000_NR_10.txt
BPP_300_500_0.1_0.8_9.txt
BPP_300_125_0.1_0.8_6.txt
BPP_400_150_0.2_0.8_3.txt
BPP_300_50_0.1_0.8_3.txt
BPP_300_400_0.1_0.8_7.txt
BPP_100_75_0.1_0.7_5.txt
BPP_300_125_0.1_0.7_4.txt
BPP_50_400_0.2_0.8_0.txt
402_10000_NR_13.txt
BPP_750_400_0.2_0.8_9.txt
BPP_500_100_0.2_0.8_5.txt
BPP_50_150_0.1_0.8_2.txt
BPP_750_100_0.2_0.7_9.txt
BPP_100_125_0.1_0.7_4.txt
BPP_750_50_0.2_0.7_8.txt
BPP_100_120_0.2_0.8_3.txt
BPP_300_125_0.2_0.7_1.txt
BPP_100_750_0.2_0.8_3.txt
BPP_750_75_0.2_0.8_6.txt
BPP_300_120_0.1_0.8_1.txt
BPP_300_150_0.1_0.8_0.txt
BPP_500_100_0.2_0.8_8.txt
BPP_200_1000_0.2_0.7_2.txt
BPP_750_125_0.2_0.8_2.txt
BPP_500_120_0.1_0.8_5.txt
402_10000_NR_35.txt
BPP_750_500_0.1_0.7_7.txt
BPP_300_500_0.1_0.7_7.txt
BPP_100_200_0.2_0.7_0.txt
BPP_1000_75_0.2_0.8_9.txt
BPP_50_750_0.1_0.7_1.txt
BPP_300_150_0.1_0.8_1.txt
BPP_750_75_0.2_0.7_7.txt
BPP_400_500_0.1_0.8_9.txt
BPP_1000_400_0.1_0.8_5.txt
BPP_400_300_0.2_0.8_7.txt
BPP_200_1000_0.1_0.7_5.txt
BPP_400_120_0.2_0.8_4.txt
1002_80000_DI_40.txt
BPP_400_200_0.2_0.7_0.txt
BPP_100_1000_0.1_0.8_5.txt
BPP_100_125_0.2_0.8_4.txt
600_20000_NR_28.txt
BPP_300_500_0.2_0.7_0.txt
BPP_300_120_0.2_0.8_1.txt
BPP_50_300_0.1_0.7_8.txt
201_2500_NR_15.txt
BPP_300_150_0.1_0.8_9.txt
BPP_100_120_0.1_0.7_9.txt
BPP_400_400_0.1_0.8_1.txt
402_10000_DI_27.txt
402_10000_NR_0.txt
BPP_1000_500_0.1_0.8_7.txt
600_20000_DI_38.txt
BPP_1000_500_0.1_0.8_4.txt
BPP_200_75_0.1_0.8_3.txt
BPP_200_300_0.1_0.7_8.txt
BPP_1000_300_0.2_0.8_0.txt
BPP_400_400_0.2_0.8_5.txt
BPP_1000_1000_0.1_0.8_3.txt
801_40000_DI_31.txt
BPP_1000_750_0.2_0.8_7.txt
BPP_100_1000_0.1_0.8_0.txt
BPP_500_400_0.2_0.7_1.txt
BPP_300_500_0.1_0.8_7.txt
BPP_400_120_0.2_0.8_3.txt
BPP_750_750_0.2_0.8_1.txt
BPP_200_400_0.2_0.7_1.txt
BPP_300_150_0.2_0.8_9.txt
BPP_50_120_0.2_0.8_6.txt
BPP_300_120_0.2_0.8_0.txt
BPP_400_1000_0.2_0.7_0.txt
BPP_100_300_0.1_0.7_8.txt
BPP_100_150_0.2_0.8_0.txt
BPP_750_120_0.2_0.8_2.txt
BPP_100_500_0.2_0.7_0.txt
BPP_400_400_0.2_0.7_2.txt
BPP_200_100_0.1_0.8_5.txt
BPP_500_200_0.2_0.8_0.txt
BPP_500_400_0.1_0.8_8.txt
BPP_50_750_0.2_0.8_1.txt
BPP_500_75_0.2_0.8_9.txt
BPP_300_300_0.2_0.8_1.txt
BPP_1000_100_0.2_0.8_2.txt
BPP_750_50_0.2_0.8_9.txt
BPP_400_125_0.1_0.7_5.txt
BPP_100_120_0.1_0.7_8.txt
BPP_200_750_0.1_0.8_0.txt
BPP_400_750_0.1_0.8_0.txt
BPP_300_200_0.1_0.8_3.txt
BPP_100_1000_0.1_0.8_9.txt
BPP_400_400_0.2_0.7_5.txt
BPP_750_100_0.2_0.7_0.txt
BPP_1000_150_0.2_0.7_2.txt
BPP_750_100_0.2_0.8_7.txt
BPP_1000_500_0.2_0.8_9.txt
BPP_750_400_0.1_0.7_7.txt
BPP_400_300_0.1_0.8_2.txt
BPP_100_750_0.1_0.7_9.txt
BPP_300_300_0.2_0.8_2.txt
1002_80000_NR_35.txt
201_2500_NR_40.txt
BPP_300_1000_0.2_0.8_3.txt
BPP_100_750_0.1_0.8_1.txt
BPP_500_50_0.2_0.8_2.txt
BPP_750_1000_0.1_0.7_6.txt
BPP_200_500_0.2_0.8_5.txt
1002_80000_DI_7.txt
BPP_500_300_0.2_0.8_9.txt
BPP_200_500_0.2_0.8_8.txt
BPP_200_75_0.1_0.7_0.txt
BPP_50_200_0.1_0.7_3.txt
BPP_400_100_0.2_0.7_7.txt
BPP_400_300_0.2_0.8_8.txt
BPP_100_125_0.1_0.7_7.txt
BPP_750_75_0.2_0.8_8.txt
BPP_50_50_0.1_0.8_8.txt
BPP_500_50_0.1_0.8_3.txt
BPP_100_500_0.1_0.7_8.txt
BPP_200_500_0.2_0.7_1.txt
BPP_750_200_0.1_0.8_9.txt
BPP_400_750_0.2_0.7_9.txt
BPP_400_200_0.2_0.7_7.txt
BPP_400_500_0.1_0.8_5.txt
BPP_50_1000_0.1_0.8_1.txt
BPP_750_75_0.1_0.8_8.txt
BPP_100_75_0.2_0.8_3.txt
BPP_750_125_0.1_0.7_7.txt
BPP_300_1000_0.1_0.8_0.txt
BPP_50_300_0.1_0.8_4.txt
BPP_200_400_0.1_0.8_6.txt
BPP_100_125_0.2_0.8_5.txt
BPP_1000_200_0.2_0.8_3.txt
BPP_400_1000_0.2_0.7_3.txt
600_20000_DI_23.txt
BPP_100_500_0.2_0.8_9.txt
BPP_100_500_0.1_0.7_1.txt
BPP_50_150_0.2_0.7_0.txt
BPP_100_750_0.2_0.8_1.txt
BPP_100_125_0.1_0.8_5.txt
201_2500_DI_8.txt
BPP_500_500_0.2_0.7_3.txt
BPP_50_200_0.2_0.8_3.txt
BPP_300_300_0.2_0.7_4.txt
801_40000_NR_45.txt
BPP_750_750_0.1_0.8_1.txt
BPP_750_400_0.2_0.7_4.txt
BPP_100_100_0.1_0.8_8.txt
BPP_1000_200_0.1_0.7_5.txt
BPP_750_300_0.1_0.7_9.txt
BPP_1000_500_0.1_0.8_8.txt
BPP_200_125_0.1_0.7_5.txt
BPP_750_400_0.1_0.8_8.txt
BPP_500_100_0.1_0.8_1.txt
BPP_50_50_0.2_0.7_6.txt
BPP_50_100_0.1_0.8_7.txt
BPP_400_120_0.2_0.8_2.txt
BPP_500_200_0.2_0.7_9.txt
BPP_400_1000_0.2_0.7_4.txt
BPP_50_500_0.2_0.8_6.txt
BPP_100_50_0.2_0.8_3.txt
BPP_100_50_0.2_0.7_8.txt
BPP_100_300_0.1_0.7_5.txt
BPP_200_150_0.2_0.8_3.txt
BPP_500_100_0.1_0.7_9.txt
801_40000_DI_0.txt
201_2500_DI_41.txt
801_40000_NR_25.txt
BPP_750_400_0.1_0.7_8.txt
BPP_300_500_0.1_0.8_5.txt
600_20000_DI_3.txt
201_2500_DI_29.txt
801_40000_NR_23.txt
801_40000_DI_10.txt
801_40000_NR_14.txt
402_10000_NR_7.txt
201_2500_NR_42.txt
600_20000_DI_11.txt
201_2500_DI_16.txt
402_10000_DI_16.txt
402_10000_DI_36.txt
201_2500_DI_43.txt
600_20000_DI_6.txt
801_40000_NR_36.txt
402_10000_NR_45.txt
600_20000_DI_5.txt
402_10000_NR_19.txt
801_40000_DI_20.txt
402_10000_DI_30.txt
402_10000_DI_39.txt
801_40000_NR_40.txt
600_20000_DI_8.txt
201_2500_DI_21.txt
801_40000_NR_8.txt
402_10000_NR_30.txt
801_40000_DI_26.txt
402_10000_NR_31.txt
402_10000_DI_31.txt
201_2500_DI_4.txt
402_10000_NR_32.txt
201_2500_NR_9.txt
201_2500_NR_12.txt
402_10000_NR_21.txt
600_20000_NR_29.txt
801_40000_DI_15.txt
201_2500_DI_3.txt
600_20000_NR_24.txt
600_20000_NR_6.txt
801_40000_DI_44.txt
801_40000_NR_33.txt
600_20000_DI_25.txt
600_20000_NR_47.txt
402_10000_NR_43.txt
402_10000_NR_34.txt
201_2500_NR_14.txt
801_40000_DI_35.txt
600_20000_NR_35.txt
402_10000_NR_29.txt
201_2500_NR_2.txt
1002_80000_DI_17.txt
201_2500_DI_45.txt
1002_80000_NR_1.txt
801_40000_DI_17.txt
402_10000_NR_22.txt
402_10000_DI_26.txt
201_2500_DI_1.txt
201_2500_DI_11.txt
600_20000_DI_32.txt
801_40000_NR_27.txt
1002_80000_DI_10.txt
201_2500_DI_38.txt
600_20000_DI_40.txt
1002_80000_NR_26.txt
600_20000_DI_28.txt
600_20000_NR_39.txt
600_20000_DI_42.txt
600_20000_DI_1.txt
801_40000_NR_32.txt
201_2500_NR_31.txt
801_40000_NR_6.txt
402_10000_NR_37.txt
402_10000_NR_38.txt
1002_80000_DI_4.txt
801_40000_NR_5.txt
402_10000_NR_47.txt
600_20000_NR_2.txt
402_10000_NR_6.txt
1002_80000_DI_38.txt
201_2500_DI_46.txt
201_2500_DI_26.txt
1002_80000_NR_17.txt
801_40000_DI_48.txt
402_10000_DI_29.txt
600_20000_NR_27.txt
600_20000_DI_20.txt
402_10000_DI_7.txt
402_10000_DI_38.txt
600_20000_DI_4.txt
1002_80000_NR_19.txt
801_40000_NR_29.txt
201_2500_NR_27.txt
600_20000_NR_13.txt
600_20000_NR_12.txt
1002_80000_DI_25.txt
801_40000_DI_42.txt
402_10000_DI_9.txt
1002_80000_NR_15.txt
1002_80000_DI_15.txt
402_10000_DI_1.txt
600_20000_DI_48.txt
1002_80000_NR_47.txt
600_20000_NR_14.txt
201_2500_NR_1.txt
402_10000_NR_44.txt
801_40000_NR_28.txt
1002_80000_DI_14.txt
600_20000_DI_21.txt
1002_80000_NR_6.txt
801_40000_DI_38.txt
201_2500_DI_9.txt
402_10000_DI_18.txt
600_20000_NR_26.txt
201_2500_NR_25.txt
201_2500_NR_20.txt
402_10000_NR_20.txt
801_40000_DI_34.txt
402_10000_DI_48.txt
201_2500_DI_20.txt
402_10000_DI_25.txt
201_2500_DI_25.txt
1002_80000_DI_22.txt
801_40000_DI_11.txt
600_20000_DI_22.txt
801_40000_DI_29.txt
402_10000_DI_34.txt
801_40000_DI_14.txt
600_20000_DI_31.txt
201_2500_DI_2.txt
600_20000_DI_30.txt
201_2500_DI_13.txt
801_40000_DI_40.txt
201_2500_DI_48.txt
1002_80000_DI_45.txt
600_20000_DI_13.txt
600_20000_DI_37.txt
1002_80000_DI_13.txt
801_40000_DI_9.txt
201_2500_DI_19.txt
600_20000_DI_10.txt
402_10000_DI_13.txt
201_2500_DI_10.txt
801_40000_DI_7.txt
402_10000_DI_46.txt
201_2500_DI_7.txt
600_20000_DI_2.txt
600_20000_DI_18.txt
402_10000_DI_23.txt
801_40000_DI_33.txt
201_2500_DI_18.txt
801_40000_DI_12.txt
801_40000_DI_49.txt
1002_80000_DI_46.txt
801_40000_DI_36.txt
1002_80000_DI_24.txt
402_10000_DI_49.txt
600_20000_DI_46.txt
600_20000_DI_16.txt
201_2500_DI_32.txt
801_40000_DI_5.txt
1002_80000_DI_11.txt
600_20000_DI_26.txt
402_10000_DI_22.txt
1002_80000_DI_36.txt
600_20000_DI_49.txt
201_2500_DI_6.txt
600_20000_DI_0.txt
600_20000_DI_9.txt
402_10000_DI_24.txt
402_10000_DI_47.txt
801_40000_DI_43.txt
1002_80000_DI_33.txt
